2012-01-14 17:01:08,887 - SimpleLog4JLogSystem initialized using logfile 'velocity.log'
2012-01-14 17:01:08,887 - ************************************************************** 
2012-01-14 17:01:08,887 - Starting Jakarta Velocity v1.4
2012-01-14 17:01:08,888 - RuntimeInstance initializing.
2012-01-14 17:01:08,888 - Default Properties File: org/apache/velocity/runtime/defaults/velocity.properties
2012-01-14 17:01:08,888 - Trying to use logger class org.apache.velocity.runtime.log.SimpleLog4JLogSystem
2012-01-14 17:01:08,888 - Using logger class org.apache.velocity.runtime.log.SimpleLog4JLogSystem
2012-01-14 17:01:08,892 - Default ResourceManager initializing. (class org.apache.velocity.runtime.resource.ResourceManagerImpl)
2012-01-14 17:01:08,896 - Resource Loader Instantiated: org.apache.velocity.runtime.resource.loader.ClasspathResourceLoader
2012-01-14 17:01:08,896 - ClasspathResourceLoader : initialization starting.
2012-01-14 17:01:08,896 - ClasspathResourceLoader : initialization complete.
2012-01-14 17:01:08,899 - ResourceCache : initialized. (class org.apache.velocity.runtime.resource.ResourceCacheImpl)
2012-01-14 17:01:08,899 - Default ResourceManager initialization complete.
2012-01-14 17:01:08,901 - Loaded System Directive: org.apache.velocity.runtime.directive.Literal
2012-01-14 17:01:08,904 - Loaded System Directive: org.apache.velocity.runtime.directive.Macro
2012-01-14 17:01:08,909 - Loaded System Directive: org.apache.velocity.runtime.directive.Parse
2012-01-14 17:01:08,912 - Loaded System Directive: org.apache.velocity.runtime.directive.Include
2012-01-14 17:01:08,914 - Loaded System Directive: org.apache.velocity.runtime.directive.Foreach
2012-01-14 17:01:08,962 - Created: 20 parsers.
2012-01-14 17:01:08,973 - Velocimacro : initialization starting.
2012-01-14 17:01:08,973 - Velocimacro : adding VMs from VM library template : VM_global_library.vm
2012-01-14 17:01:08,979 - ResourceManager : unable to find resource 'VM_global_library.vm' in any resource loader.
2012-01-14 17:01:08,980 - Velocimacro : error using  VM library template VM_global_library.vm : org.apache.velocity.exception.ResourceNotFoundException: Unable to find resource 'VM_global_library.vm'
2012-01-14 17:01:08,980 - Velocimacro :  VM library template macro registration complete.
2012-01-14 17:01:08,980 - Velocimacro : allowInline = true : VMs can be defined inline in templates
2012-01-14 17:01:08,980 - Velocimacro : allowInlineToOverride = false : VMs defined inline may NOT replace previous VM definitions
2012-01-14 17:01:08,980 - Velocimacro : allowInlineLocal = false : VMs defined inline will be  global in scope if allowed.
2012-01-14 17:01:08,980 - Velocimacro : messages on  : VM system will output logging messages
2012-01-14 17:01:08,980 - Velocimacro : autoload off  : VM system will not automatically reload global library macros
2012-01-14 17:01:08,980 - Velocimacro : initialization complete.
2012-01-14 17:01:08,980 - Velocity successfully started.
2012-01-14 17:02:52,367 - SimpleLog4JLogSystem initialized using logfile 'velocity.log'
2012-01-14 17:02:52,367 - ************************************************************** 
2012-01-14 17:02:52,368 - Starting Jakarta Velocity v1.4
2012-01-14 17:02:52,368 - RuntimeInstance initializing.
2012-01-14 17:02:52,368 - Default Properties File: org/apache/velocity/runtime/defaults/velocity.properties
2012-01-14 17:02:52,368 - Trying to use logger class org.apache.velocity.runtime.log.SimpleLog4JLogSystem
2012-01-14 17:02:52,368 - Using logger class org.apache.velocity.runtime.log.SimpleLog4JLogSystem
2012-01-14 17:02:52,374 - Default ResourceManager initializing. (class org.apache.velocity.runtime.resource.ResourceManagerImpl)
2012-01-14 17:02:52,379 - Resource Loader Instantiated: org.apache.velocity.runtime.resource.loader.ClasspathResourceLoader
2012-01-14 17:02:52,379 - ClasspathResourceLoader : initialization starting.
2012-01-14 17:02:52,379 - ClasspathResourceLoader : initialization complete.
2012-01-14 17:02:52,388 - ResourceCache : initialized. (class org.apache.velocity.runtime.resource.ResourceCacheImpl)
2012-01-14 17:02:52,388 - Default ResourceManager initialization complete.
2012-01-14 17:02:52,391 - Loaded System Directive: org.apache.velocity.runtime.directive.Literal
2012-01-14 17:02:52,393 - Loaded System Directive: org.apache.velocity.runtime.directive.Macro
2012-01-14 17:02:52,399 - Loaded System Directive: org.apache.velocity.runtime.directive.Parse
2012-01-14 17:02:52,402 - Loaded System Directive: org.apache.velocity.runtime.directive.Include
2012-01-14 17:02:52,404 - Loaded System Directive: org.apache.velocity.runtime.directive.Foreach
2012-01-14 17:02:52,445 - Created: 20 parsers.
2012-01-14 17:02:52,455 - Velocimacro : initialization starting.
2012-01-14 17:02:52,455 - Velocimacro : adding VMs from VM library template : VM_global_library.vm
2012-01-14 17:02:52,463 - ResourceManager : unable to find resource 'VM_global_library.vm' in any resource loader.
2012-01-14 17:02:52,463 - Velocimacro : error using  VM library template VM_global_library.vm : org.apache.velocity.exception.ResourceNotFoundException: Unable to find resource 'VM_global_library.vm'
2012-01-14 17:02:52,463 - Velocimacro :  VM library template macro registration complete.
2012-01-14 17:02:52,463 - Velocimacro : allowInline = true : VMs can be defined inline in templates
2012-01-14 17:02:52,463 - Velocimacro : allowInlineToOverride = false : VMs defined inline may NOT replace previous VM definitions
2012-01-14 17:02:52,463 - Velocimacro : allowInlineLocal = false : VMs defined inline will be  global in scope if allowed.
2012-01-14 17:02:52,463 - Velocimacro : messages on  : VM system will output logging messages
2012-01-14 17:02:52,463 - Velocimacro : autoload off  : VM system will not automatically reload global library macros
2012-01-14 17:02:52,463 - Velocimacro : initialization complete.
2012-01-14 17:02:52,463 - Velocity successfully started.
2012-01-14 17:02:54,818 - SimpleLog4JLogSystem initialized using logfile 'velocity.log'
2012-01-14 17:02:54,818 - ************************************************************** 
2012-01-14 17:02:54,818 - Starting Jakarta Velocity v1.4
2012-01-14 17:02:54,818 - RuntimeInstance initializing.
2012-01-14 17:02:54,818 - Default Properties File: org/apache/velocity/runtime/defaults/velocity.properties
2012-01-14 17:02:54,818 - Trying to use logger class org.apache.velocity.runtime.log.SimpleLog4JLogSystem
2012-01-14 17:02:54,818 - Using logger class org.apache.velocity.runtime.log.SimpleLog4JLogSystem
2012-01-14 17:02:54,824 - Default ResourceManager initializing. (class org.apache.velocity.runtime.resource.ResourceManagerImpl)
2012-01-14 17:02:54,828 - Resource Loader Instantiated: org.apache.velocity.runtime.resource.loader.ClasspathResourceLoader
2012-01-14 17:02:54,828 - ClasspathResourceLoader : initialization starting.
2012-01-14 17:02:54,828 - ClasspathResourceLoader : initialization complete.
2012-01-14 17:02:54,831 - ResourceCache : initialized. (class org.apache.velocity.runtime.resource.ResourceCacheImpl)
2012-01-14 17:02:54,831 - Default ResourceManager initialization complete.
2012-01-14 17:02:54,834 - Loaded System Directive: org.apache.velocity.runtime.directive.Literal
2012-01-14 17:02:54,837 - Loaded System Directive: org.apache.velocity.runtime.directive.Macro
2012-01-14 17:02:54,841 - Loaded System Directive: org.apache.velocity.runtime.directive.Parse
2012-01-14 17:02:54,843 - Loaded System Directive: org.apache.velocity.runtime.directive.Include
2012-01-14 17:02:54,845 - Loaded System Directive: org.apache.velocity.runtime.directive.Foreach
2012-01-14 17:02:54,881 - Created: 20 parsers.
2012-01-14 17:02:54,891 - Velocimacro : initialization starting.
2012-01-14 17:02:54,891 - Velocimacro : adding VMs from VM library template : VM_global_library.vm
2012-01-14 17:02:54,895 - ResourceManager : unable to find resource 'VM_global_library.vm' in any resource loader.
2012-01-14 17:02:54,896 - Velocimacro : error using  VM library template VM_global_library.vm : org.apache.velocity.exception.ResourceNotFoundException: Unable to find resource 'VM_global_library.vm'
2012-01-14 17:02:54,896 - Velocimacro :  VM library template macro registration complete.
2012-01-14 17:02:54,896 - Velocimacro : allowInline = true : VMs can be defined inline in templates
2012-01-14 17:02:54,896 - Velocimacro : allowInlineToOverride = false : VMs defined inline may NOT replace previous VM definitions
2012-01-14 17:02:54,896 - Velocimacro : allowInlineLocal = false : VMs defined inline will be  global in scope if allowed.
2012-01-14 17:02:54,896 - Velocimacro : messages on  : VM system will output logging messages
2012-01-14 17:02:54,896 - Velocimacro : autoload off  : VM system will not automatically reload global library macros
2012-01-14 17:02:54,896 - Velocimacro : initialization complete.
2012-01-14 17:02:54,896 - Velocity successfully started.
2012-01-14 17:03:10,880 - SimpleLog4JLogSystem initialized using logfile 'velocity.log'
2012-01-14 17:03:10,880 - ************************************************************** 
2012-01-14 17:03:10,880 - Starting Jakarta Velocity v1.4
2012-01-14 17:03:10,880 - RuntimeInstance initializing.
2012-01-14 17:03:10,880 - Default Properties File: org/apache/velocity/runtime/defaults/velocity.properties
2012-01-14 17:03:10,880 - Trying to use logger class org.apache.velocity.runtime.log.SimpleLog4JLogSystem
2012-01-14 17:03:10,880 - Using logger class org.apache.velocity.runtime.log.SimpleLog4JLogSystem
2012-01-14 17:03:10,885 - Default ResourceManager initializing. (class org.apache.velocity.runtime.resource.ResourceManagerImpl)
2012-01-14 17:03:10,889 - Resource Loader Instantiated: org.apache.velocity.runtime.resource.loader.ClasspathResourceLoader
2012-01-14 17:03:10,889 - ClasspathResourceLoader : initialization starting.
2012-01-14 17:03:10,889 - ClasspathResourceLoader : initialization complete.
2012-01-14 17:03:10,892 - ResourceCache : initialized. (class org.apache.velocity.runtime.resource.ResourceCacheImpl)
2012-01-14 17:03:10,892 - Default ResourceManager initialization complete.
2012-01-14 17:03:10,895 - Loaded System Directive: org.apache.velocity.runtime.directive.Literal
2012-01-14 17:03:10,897 - Loaded System Directive: org.apache.velocity.runtime.directive.Macro
2012-01-14 17:03:10,901 - Loaded System Directive: org.apache.velocity.runtime.directive.Parse
2012-01-14 17:03:10,904 - Loaded System Directive: org.apache.velocity.runtime.directive.Include
2012-01-14 17:03:10,905 - Loaded System Directive: org.apache.velocity.runtime.directive.Foreach
2012-01-14 17:03:10,930 - Created: 20 parsers.
2012-01-14 17:03:10,937 - Velocimacro : initialization starting.
2012-01-14 17:03:10,937 - Velocimacro : adding VMs from VM library template : VM_global_library.vm
2012-01-14 17:03:10,942 - ResourceManager : unable to find resource 'VM_global_library.vm' in any resource loader.
2012-01-14 17:03:10,942 - Velocimacro : error using  VM library template VM_global_library.vm : org.apache.velocity.exception.ResourceNotFoundException: Unable to find resource 'VM_global_library.vm'
2012-01-14 17:03:10,942 - Velocimacro :  VM library template macro registration complete.
2012-01-14 17:03:10,942 - Velocimacro : allowInline = true : VMs can be defined inline in templates
2012-01-14 17:03:10,942 - Velocimacro : allowInlineToOverride = false : VMs defined inline may NOT replace previous VM definitions
2012-01-14 17:03:10,942 - Velocimacro : allowInlineLocal = false : VMs defined inline will be  global in scope if allowed.
2012-01-14 17:03:10,942 - Velocimacro : messages on  : VM system will output logging messages
2012-01-14 17:03:10,942 - Velocimacro : autoload off  : VM system will not automatically reload global library macros
2012-01-14 17:03:10,942 - Velocimacro : initialization complete.
2012-01-14 17:03:10,942 - Velocity successfully started.
2012-01-14 17:05:12,463 - SimpleLog4JLogSystem initialized using logfile 'velocity.log'
2012-01-14 17:05:12,463 - ************************************************************** 
2012-01-14 17:05:12,463 - Starting Jakarta Velocity v1.4
2012-01-14 17:05:12,464 - RuntimeInstance initializing.
2012-01-14 17:05:12,464 - Default Properties File: org/apache/velocity/runtime/defaults/velocity.properties
2012-01-14 17:05:12,464 - Trying to use logger class org.apache.velocity.runtime.log.SimpleLog4JLogSystem
2012-01-14 17:05:12,464 - Using logger class org.apache.velocity.runtime.log.SimpleLog4JLogSystem
2012-01-14 17:05:12,469 - Default ResourceManager initializing. (class org.apache.velocity.runtime.resource.ResourceManagerImpl)
2012-01-14 17:05:12,476 - Resource Loader Instantiated: org.apache.velocity.runtime.resource.loader.ClasspathResourceLoader
2012-01-14 17:05:12,476 - ClasspathResourceLoader : initialization starting.
2012-01-14 17:05:12,476 - ClasspathResourceLoader : initialization complete.
2012-01-14 17:05:12,479 - ResourceCache : initialized. (class org.apache.velocity.runtime.resource.ResourceCacheImpl)
2012-01-14 17:05:12,479 - Default ResourceManager initialization complete.
2012-01-14 17:05:12,481 - Loaded System Directive: org.apache.velocity.runtime.directive.Literal
2012-01-14 17:05:12,484 - Loaded System Directive: org.apache.velocity.runtime.directive.Macro
2012-01-14 17:05:12,488 - Loaded System Directive: org.apache.velocity.runtime.directive.Parse
2012-01-14 17:05:12,491 - Loaded System Directive: org.apache.velocity.runtime.directive.Include
2012-01-14 17:05:12,492 - Loaded System Directive: org.apache.velocity.runtime.directive.Foreach
2012-01-14 17:05:12,536 - Created: 20 parsers.
2012-01-14 17:05:12,548 - Velocimacro : initialization starting.
2012-01-14 17:05:12,548 - Velocimacro : adding VMs from VM library template : VM_global_library.vm
2012-01-14 17:05:12,555 - ResourceManager : unable to find resource 'VM_global_library.vm' in any resource loader.
2012-01-14 17:05:12,556 - Velocimacro : error using  VM library template VM_global_library.vm : org.apache.velocity.exception.ResourceNotFoundException: Unable to find resource 'VM_global_library.vm'
2012-01-14 17:05:12,556 - Velocimacro :  VM library template macro registration complete.
2012-01-14 17:05:12,556 - Velocimacro : allowInline = true : VMs can be defined inline in templates
2012-01-14 17:05:12,556 - Velocimacro : allowInlineToOverride = false : VMs defined inline may NOT replace previous VM definitions
2012-01-14 17:05:12,556 - Velocimacro : allowInlineLocal = false : VMs defined inline will be  global in scope if allowed.
2012-01-14 17:05:12,556 - Velocimacro : messages on  : VM system will output logging messages
2012-01-14 17:05:12,556 - Velocimacro : autoload off  : VM system will not automatically reload global library macros
2012-01-14 17:05:12,556 - Velocimacro : initialization complete.
2012-01-14 17:05:12,556 - Velocity successfully started.
2012-01-14 17:07:55,673 - SimpleLog4JLogSystem initialized using logfile 'velocity.log'
2012-01-14 17:07:55,673 - ************************************************************** 
2012-01-14 17:07:55,673 - Starting Jakarta Velocity v1.4
2012-01-14 17:07:55,673 - RuntimeInstance initializing.
2012-01-14 17:07:55,673 - Default Properties File: org/apache/velocity/runtime/defaults/velocity.properties
2012-01-14 17:07:55,673 - Trying to use logger class org.apache.velocity.runtime.log.SimpleLog4JLogSystem
2012-01-14 17:07:55,673 - Using logger class org.apache.velocity.runtime.log.SimpleLog4JLogSystem
2012-01-14 17:07:55,681 - Default ResourceManager initializing. (class org.apache.velocity.runtime.resource.ResourceManagerImpl)
2012-01-14 17:07:55,684 - Resource Loader Instantiated: org.apache.velocity.runtime.resource.loader.ClasspathResourceLoader
2012-01-14 17:07:55,684 - ClasspathResourceLoader : initialization starting.
2012-01-14 17:07:55,684 - ClasspathResourceLoader : initialization complete.
2012-01-14 17:07:55,686 - ResourceCache : initialized. (class org.apache.velocity.runtime.resource.ResourceCacheImpl)
2012-01-14 17:07:55,686 - Default ResourceManager initialization complete.
2012-01-14 17:07:55,688 - Loaded System Directive: org.apache.velocity.runtime.directive.Literal
2012-01-14 17:07:55,691 - Loaded System Directive: org.apache.velocity.runtime.directive.Macro
2012-01-14 17:07:55,696 - Loaded System Directive: org.apache.velocity.runtime.directive.Parse
2012-01-14 17:07:55,699 - Loaded System Directive: org.apache.velocity.runtime.directive.Include
2012-01-14 17:07:55,700 - Loaded System Directive: org.apache.velocity.runtime.directive.Foreach
2012-01-14 17:07:55,733 - Created: 20 parsers.
2012-01-14 17:07:55,740 - Velocimacro : initialization starting.
2012-01-14 17:07:55,740 - Velocimacro : adding VMs from VM library template : VM_global_library.vm
2012-01-14 17:07:55,744 - ResourceManager : unable to find resource 'VM_global_library.vm' in any resource loader.
2012-01-14 17:07:55,745 - Velocimacro : error using  VM library template VM_global_library.vm : org.apache.velocity.exception.ResourceNotFoundException: Unable to find resource 'VM_global_library.vm'
2012-01-14 17:07:55,745 - Velocimacro :  VM library template macro registration complete.
2012-01-14 17:07:55,745 - Velocimacro : allowInline = true : VMs can be defined inline in templates
2012-01-14 17:07:55,745 - Velocimacro : allowInlineToOverride = false : VMs defined inline may NOT replace previous VM definitions
2012-01-14 17:07:55,745 - Velocimacro : allowInlineLocal = false : VMs defined inline will be  global in scope if allowed.
2012-01-14 17:07:55,745 - Velocimacro : messages on  : VM system will output logging messages
2012-01-14 17:07:55,745 - Velocimacro : autoload off  : VM system will not automatically reload global library macros
2012-01-14 17:07:55,745 - Velocimacro : initialization complete.
2012-01-14 17:07:55,745 - Velocity successfully started.
2012-01-14 17:12:59,860 - SimpleLog4JLogSystem initialized using logfile 'velocity.log'
2012-01-14 17:12:59,860 - ************************************************************** 
2012-01-14 17:12:59,860 - Starting Jakarta Velocity v1.4
2012-01-14 17:12:59,860 - RuntimeInstance initializing.
2012-01-14 17:12:59,860 - Default Properties File: org/apache/velocity/runtime/defaults/velocity.properties
2012-01-14 17:12:59,860 - Trying to use logger class org.apache.velocity.runtime.log.SimpleLog4JLogSystem
2012-01-14 17:12:59,860 - Using logger class org.apache.velocity.runtime.log.SimpleLog4JLogSystem
2012-01-14 17:12:59,868 - Default ResourceManager initializing. (class org.apache.velocity.runtime.resource.ResourceManagerImpl)
2012-01-14 17:12:59,871 - Resource Loader Instantiated: org.apache.velocity.runtime.resource.loader.ClasspathResourceLoader
2012-01-14 17:12:59,871 - ClasspathResourceLoader : initialization starting.
2012-01-14 17:12:59,871 - ClasspathResourceLoader : initialization complete.
2012-01-14 17:12:59,873 - ResourceCache : initialized. (class org.apache.velocity.runtime.resource.ResourceCacheImpl)
2012-01-14 17:12:59,873 - Default ResourceManager initialization complete.
2012-01-14 17:12:59,875 - Loaded System Directive: org.apache.velocity.runtime.directive.Literal
2012-01-14 17:12:59,877 - Loaded System Directive: org.apache.velocity.runtime.directive.Macro
2012-01-14 17:12:59,879 - Loaded System Directive: org.apache.velocity.runtime.directive.Parse
2012-01-14 17:12:59,881 - Loaded System Directive: org.apache.velocity.runtime.directive.Include
2012-01-14 17:12:59,882 - Loaded System Directive: org.apache.velocity.runtime.directive.Foreach
2012-01-14 17:12:59,909 - Created: 20 parsers.
2012-01-14 17:12:59,916 - Velocimacro : initialization starting.
2012-01-14 17:12:59,916 - Velocimacro : adding VMs from VM library template : VM_global_library.vm
2012-01-14 17:12:59,921 - ResourceManager : unable to find resource 'VM_global_library.vm' in any resource loader.
2012-01-14 17:12:59,921 - Velocimacro : error using  VM library template VM_global_library.vm : org.apache.velocity.exception.ResourceNotFoundException: Unable to find resource 'VM_global_library.vm'
2012-01-14 17:12:59,921 - Velocimacro :  VM library template macro registration complete.
2012-01-14 17:12:59,921 - Velocimacro : allowInline = true : VMs can be defined inline in templates
2012-01-14 17:12:59,921 - Velocimacro : allowInlineToOverride = false : VMs defined inline may NOT replace previous VM definitions
2012-01-14 17:12:59,921 - Velocimacro : allowInlineLocal = false : VMs defined inline will be  global in scope if allowed.
2012-01-14 17:12:59,921 - Velocimacro : messages on  : VM system will output logging messages
2012-01-14 17:12:59,921 - Velocimacro : autoload off  : VM system will not automatically reload global library macros
2012-01-14 17:12:59,921 - Velocimacro : initialization complete.
2012-01-14 17:12:59,921 - Velocity successfully started.
2012-01-14 17:24:28,164 - SimpleLog4JLogSystem initialized using logfile 'velocity.log'
2012-01-14 17:24:28,165 - ************************************************************** 
2012-01-14 17:24:28,165 - Starting Jakarta Velocity v1.4
2012-01-14 17:24:28,165 - RuntimeInstance initializing.
2012-01-14 17:24:28,165 - Default Properties File: org/apache/velocity/runtime/defaults/velocity.properties
2012-01-14 17:24:28,165 - Trying to use logger class org.apache.velocity.runtime.log.SimpleLog4JLogSystem
2012-01-14 17:24:28,165 - Using logger class org.apache.velocity.runtime.log.SimpleLog4JLogSystem
2012-01-14 17:24:28,170 - Default ResourceManager initializing. (class org.apache.velocity.runtime.resource.ResourceManagerImpl)
2012-01-14 17:24:28,173 - Resource Loader Instantiated: org.apache.velocity.runtime.resource.loader.ClasspathResourceLoader
2012-01-14 17:24:28,173 - ClasspathResourceLoader : initialization starting.
2012-01-14 17:24:28,173 - ClasspathResourceLoader : initialization complete.
2012-01-14 17:24:28,174 - ResourceCache : initialized. (class org.apache.velocity.runtime.resource.ResourceCacheImpl)
2012-01-14 17:24:28,174 - Default ResourceManager initialization complete.
2012-01-14 17:24:28,176 - Loaded System Directive: org.apache.velocity.runtime.directive.Literal
2012-01-14 17:24:28,179 - Loaded System Directive: org.apache.velocity.runtime.directive.Macro
2012-01-14 17:24:28,183 - Loaded System Directive: org.apache.velocity.runtime.directive.Parse
2012-01-14 17:24:28,186 - Loaded System Directive: org.apache.velocity.runtime.directive.Include
2012-01-14 17:24:28,188 - Loaded System Directive: org.apache.velocity.runtime.directive.Foreach
2012-01-14 17:24:28,219 - Created: 20 parsers.
2012-01-14 17:24:28,226 - Velocimacro : initialization starting.
2012-01-14 17:24:28,226 - Velocimacro : adding VMs from VM library template : VM_global_library.vm
2012-01-14 17:24:28,231 - ResourceManager : unable to find resource 'VM_global_library.vm' in any resource loader.
2012-01-14 17:24:28,231 - Velocimacro : error using  VM library template VM_global_library.vm : org.apache.velocity.exception.ResourceNotFoundException: Unable to find resource 'VM_global_library.vm'
2012-01-14 17:24:28,231 - Velocimacro :  VM library template macro registration complete.
2012-01-14 17:24:28,231 - Velocimacro : allowInline = true : VMs can be defined inline in templates
2012-01-14 17:24:28,231 - Velocimacro : allowInlineToOverride = false : VMs defined inline may NOT replace previous VM definitions
2012-01-14 17:24:28,231 - Velocimacro : allowInlineLocal = false : VMs defined inline will be  global in scope if allowed.
2012-01-14 17:24:28,231 - Velocimacro : messages on  : VM system will output logging messages
2012-01-14 17:24:28,231 - Velocimacro : autoload off  : VM system will not automatically reload global library macros
2012-01-14 17:24:28,231 - Velocimacro : initialization complete.
2012-01-14 17:24:28,231 - Velocity successfully started.
2012-01-14 17:31:17,519 - SimpleLog4JLogSystem initialized using logfile 'velocity.log'
2012-01-14 17:31:17,520 - ************************************************************** 
2012-01-14 17:31:17,520 - Starting Jakarta Velocity v1.4
2012-01-14 17:31:17,520 - RuntimeInstance initializing.
2012-01-14 17:31:17,520 - Default Properties File: org/apache/velocity/runtime/defaults/velocity.properties
2012-01-14 17:31:17,520 - Trying to use logger class org.apache.velocity.runtime.log.SimpleLog4JLogSystem
2012-01-14 17:31:17,520 - Using logger class org.apache.velocity.runtime.log.SimpleLog4JLogSystem
2012-01-14 17:31:17,525 - Default ResourceManager initializing. (class org.apache.velocity.runtime.resource.ResourceManagerImpl)
2012-01-14 17:31:17,529 - Resource Loader Instantiated: org.apache.velocity.runtime.resource.loader.ClasspathResourceLoader
2012-01-14 17:31:17,529 - ClasspathResourceLoader : initialization starting.
2012-01-14 17:31:17,529 - ClasspathResourceLoader : initialization complete.
2012-01-14 17:31:17,532 - ResourceCache : initialized. (class org.apache.velocity.runtime.resource.ResourceCacheImpl)
2012-01-14 17:31:17,532 - Default ResourceManager initialization complete.
2012-01-14 17:31:17,534 - Loaded System Directive: org.apache.velocity.runtime.directive.Literal
2012-01-14 17:31:17,536 - Loaded System Directive: org.apache.velocity.runtime.directive.Macro
2012-01-14 17:31:17,538 - Loaded System Directive: org.apache.velocity.runtime.directive.Parse
2012-01-14 17:31:17,540 - Loaded System Directive: org.apache.velocity.runtime.directive.Include
2012-01-14 17:31:17,542 - Loaded System Directive: org.apache.velocity.runtime.directive.Foreach
2012-01-14 17:31:17,571 - Created: 20 parsers.
2012-01-14 17:31:17,577 - Velocimacro : initialization starting.
2012-01-14 17:31:17,578 - Velocimacro : adding VMs from VM library template : VM_global_library.vm
2012-01-14 17:31:17,582 - ResourceManager : unable to find resource 'VM_global_library.vm' in any resource loader.
2012-01-14 17:31:17,582 - Velocimacro : error using  VM library template VM_global_library.vm : org.apache.velocity.exception.ResourceNotFoundException: Unable to find resource 'VM_global_library.vm'
2012-01-14 17:31:17,582 - Velocimacro :  VM library template macro registration complete.
2012-01-14 17:31:17,582 - Velocimacro : allowInline = true : VMs can be defined inline in templates
2012-01-14 17:31:17,582 - Velocimacro : allowInlineToOverride = false : VMs defined inline may NOT replace previous VM definitions
2012-01-14 17:31:17,582 - Velocimacro : allowInlineLocal = false : VMs defined inline will be  global in scope if allowed.
2012-01-14 17:31:17,582 - Velocimacro : messages on  : VM system will output logging messages
2012-01-14 17:31:17,582 - Velocimacro : autoload off  : VM system will not automatically reload global library macros
2012-01-14 17:31:17,583 - Velocimacro : initialization complete.
2012-01-14 17:31:17,583 - Velocity successfully started.
