2015-08-05 14:33:08,095 - Resource Loader Instantiated: org.apache.velocity.runtime.resource.loader.ClasspathResourceLoader
2015-08-05 14:33:08,096 - ClasspathResourceLoader : initialization starting.
2015-08-05 14:33:08,096 - ClasspathResourceLoader : initialization complete.
2015-08-05 14:33:08,097 - ResourceCache : initialized. (class org.apache.velocity.runtime.resource.ResourceCacheImpl)
2015-08-05 14:33:08,097 - Default ResourceManager initialization complete.
2015-08-05 14:33:08,099 - Loaded System Directive: org.apache.velocity.runtime.directive.Literal
2015-08-05 14:33:08,101 - Loaded System Directive: org.apache.velocity.runtime.directive.Macro
2015-08-05 14:33:08,104 - Loaded System Directive: org.apache.velocity.runtime.directive.Parse
2015-08-05 14:33:08,106 - Loaded System Directive: org.apache.velocity.runtime.directive.Include
2015-08-05 14:33:08,107 - Loaded System Directive: org.apache.velocity.runtime.directive.Foreach
2015-08-05 14:33:08,140 - Created: 20 parsers.
2015-08-05 14:33:08,149 - Velocimacro : initialization starting.
2015-08-05 14:33:08,149 - Velocimacro : adding VMs from VM library template : VM_global_library.vm
2015-08-05 14:33:08,171 - ResourceManager : unable to find resource 'VM_global_library.vm' in any resource loader.
2015-08-05 14:33:08,171 - Velocimacro : error using  VM library template VM_global_library.vm : org.apache.velocity.exception.ResourceNotFoundException: Unable to find resource 'VM_global_library.vm'
2015-08-05 14:33:08,171 - Velocimacro :  VM library template macro registration complete.
2015-08-05 14:33:08,171 - Velocimacro : allowInline = true : VMs can be defined inline in templates
2015-08-05 14:33:08,171 - Velocimacro : allowInlineToOverride = false : VMs defined inline may NOT replace previous VM definitions
2015-08-05 14:33:08,172 - Velocimacro : allowInlineLocal = false : VMs defined inline will be  global in scope if allowed.
2015-08-05 14:33:08,172 - Velocimacro : messages on  : VM system will output logging messages
2015-08-05 14:33:08,172 - Velocimacro : autoload off  : VM system will not automatically reload global library macros
2015-08-05 14:33:08,172 - Velocimacro : initialization complete.
2015-08-05 14:33:08,172 - Velocity successfully started.
2015-08-05 14:35:06,030 - SimpleLog4JLogSystem initialized using logfile 'velocity.log'
2015-08-05 14:35:06,030 - ************************************************************** 
2015-08-05 14:35:06,030 - Starting Jakarta Velocity v1.4
2015-08-05 14:35:06,030 - RuntimeInstance initializing.
2015-08-05 14:35:06,030 - Default Properties File: org\apache\velocity\runtime\defaults\velocity.properties
2015-08-05 14:35:06,030 - Trying to use logger class org.apache.velocity.runtime.log.SimpleLog4JLogSystem
2015-08-05 14:35:06,030 - Using logger class org.apache.velocity.runtime.log.SimpleLog4JLogSystem
2015-08-05 14:35:06,034 - Default ResourceManager initializing. (class org.apache.velocity.runtime.resource.ResourceManagerImpl)
2015-08-05 14:35:06,037 - Resource Loader Instantiated: org.apache.velocity.runtime.resource.loader.ClasspathResourceLoader
2015-08-05 14:35:06,037 - ClasspathResourceLoader : initialization starting.
2015-08-05 14:35:06,037 - ClasspathResourceLoader : initialization complete.
2015-08-05 14:35:06,039 - ResourceCache : initialized. (class org.apache.velocity.runtime.resource.ResourceCacheImpl)
2015-08-05 14:35:06,039 - Default ResourceManager initialization complete.
2015-08-05 14:35:06,041 - Loaded System Directive: org.apache.velocity.runtime.directive.Literal
2015-08-05 14:35:06,043 - Loaded System Directive: org.apache.velocity.runtime.directive.Macro
2015-08-05 14:35:06,045 - Loaded System Directive: org.apache.velocity.runtime.directive.Parse
2015-08-05 14:35:06,047 - Loaded System Directive: org.apache.velocity.runtime.directive.Include
2015-08-05 14:35:06,048 - Loaded System Directive: org.apache.velocity.runtime.directive.Foreach
2015-08-05 14:35:06,079 - Created: 20 parsers.
2015-08-05 14:35:06,088 - Velocimacro : initialization starting.
2015-08-05 14:35:06,088 - Velocimacro : adding VMs from VM library template : VM_global_library.vm
2015-08-05 14:35:06,095 - ResourceManager : unable to find resource 'VM_global_library.vm' in any resource loader.
2015-08-05 14:35:06,095 - Velocimacro : error using  VM library template VM_global_library.vm : org.apache.velocity.exception.ResourceNotFoundException: Unable to find resource 'VM_global_library.vm'
2015-08-05 14:35:06,095 - Velocimacro :  VM library template macro registration complete.
2015-08-05 14:35:06,095 - Velocimacro : allowInline = true : VMs can be defined inline in templates
2015-08-05 14:35:06,095 - Velocimacro : allowInlineToOverride = false : VMs defined inline may NOT replace previous VM definitions
2015-08-05 14:35:06,095 - Velocimacro : allowInlineLocal = false : VMs defined inline will be  global in scope if allowed.
2015-08-05 14:35:06,095 - Velocimacro : messages on  : VM system will output logging messages
2015-08-05 14:35:06,095 - Velocimacro : autoload off  : VM system will not automatically reload global library macros
2015-08-05 14:35:06,095 - Velocimacro : initialization complete.
2015-08-05 14:35:06,095 - Velocity successfully started.
2015-08-05 14:37:02,730 - SimpleLog4JLogSystem initialized using logfile 'velocity.log'
2015-08-05 14:37:02,730 - ************************************************************** 
2015-08-05 14:37:02,730 - Starting Jakarta Velocity v1.4
2015-08-05 14:37:02,730 - RuntimeInstance initializing.
2015-08-05 14:37:02,730 - Default Properties File: org\apache\velocity\runtime\defaults\velocity.properties
2015-08-05 14:37:02,730 - Trying to use logger class org.apache.velocity.runtime.log.SimpleLog4JLogSystem
2015-08-05 14:37:02,730 - Using logger class org.apache.velocity.runtime.log.SimpleLog4JLogSystem
2015-08-05 14:37:02,734 - Default ResourceManager initializing. (class org.apache.velocity.runtime.resource.ResourceManagerImpl)
2015-08-05 14:37:02,736 - Resource Loader Instantiated: org.apache.velocity.runtime.resource.loader.ClasspathResourceLoader
2015-08-05 14:37:02,737 - ClasspathResourceLoader : initialization starting.
2015-08-05 14:37:02,737 - ClasspathResourceLoader : initialization complete.
2015-08-05 14:37:02,738 - ResourceCache : initialized. (class org.apache.velocity.runtime.resource.ResourceCacheImpl)
2015-08-05 14:37:02,738 - Default ResourceManager initialization complete.
2015-08-05 14:37:02,740 - Loaded System Directive: org.apache.velocity.runtime.directive.Literal
2015-08-05 14:37:02,742 - Loaded System Directive: org.apache.velocity.runtime.directive.Macro
2015-08-05 14:37:02,745 - Loaded System Directive: org.apache.velocity.runtime.directive.Parse
2015-08-05 14:37:02,747 - Loaded System Directive: org.apache.velocity.runtime.directive.Include
2015-08-05 14:37:02,749 - Loaded System Directive: org.apache.velocity.runtime.directive.Foreach
2015-08-05 14:37:02,780 - Created: 20 parsers.
2015-08-05 14:37:02,788 - Velocimacro : initialization starting.
2015-08-05 14:37:02,788 - Velocimacro : adding VMs from VM library template : VM_global_library.vm
2015-08-05 14:37:02,795 - ResourceManager : unable to find resource 'VM_global_library.vm' in any resource loader.
2015-08-05 14:37:02,795 - Velocimacro : error using  VM library template VM_global_library.vm : org.apache.velocity.exception.ResourceNotFoundException: Unable to find resource 'VM_global_library.vm'
2015-08-05 14:37:02,795 - Velocimacro :  VM library template macro registration complete.
2015-08-05 14:37:02,795 - Velocimacro : allowInline = true : VMs can be defined inline in templates
2015-08-05 14:37:02,795 - Velocimacro : allowInlineToOverride = false : VMs defined inline may NOT replace previous VM definitions
2015-08-05 14:37:02,795 - Velocimacro : allowInlineLocal = false : VMs defined inline will be  global in scope if allowed.
2015-08-05 14:37:02,795 - Velocimacro : messages on  : VM system will output logging messages
2015-08-05 14:37:02,795 - Velocimacro : autoload off  : VM system will not automatically reload global library macros
2015-08-05 14:37:02,795 - Velocimacro : initialization complete.
2015-08-05 14:37:02,795 - Velocity successfully started.
2015-08-05 15:45:58,436 - SimpleLog4JLogSystem initialized using logfile 'velocity.log'
2015-08-05 15:45:58,436 - ************************************************************** 
2015-08-05 15:45:58,436 - Starting Jakarta Velocity v1.4
2015-08-05 15:45:58,436 - RuntimeInstance initializing.
2015-08-05 15:45:58,436 - Default Properties File: org\apache\velocity\runtime\defaults\velocity.properties
2015-08-05 15:45:58,436 - Trying to use logger class org.apache.velocity.runtime.log.SimpleLog4JLogSystem
2015-08-05 15:45:58,436 - Using logger class org.apache.velocity.runtime.log.SimpleLog4JLogSystem
2015-08-05 15:45:58,440 - Default ResourceManager initializing. (class org.apache.velocity.runtime.resource.ResourceManagerImpl)
2015-08-05 15:45:58,443 - Resource Loader Instantiated: org.apache.velocity.runtime.resource.loader.ClasspathResourceLoader
2015-08-05 15:45:58,443 - ClasspathResourceLoader : initialization starting.
2015-08-05 15:45:58,443 - ClasspathResourceLoader : initialization complete.
2015-08-05 15:45:58,446 - ResourceCache : initialized. (class org.apache.velocity.runtime.resource.ResourceCacheImpl)
2015-08-05 15:45:58,446 - Default ResourceManager initialization complete.
2015-08-05 15:45:58,447 - Loaded System Directive: org.apache.velocity.runtime.directive.Literal
2015-08-05 15:45:58,449 - Loaded System Directive: org.apache.velocity.runtime.directive.Macro
2015-08-05 15:45:58,452 - Loaded System Directive: org.apache.velocity.runtime.directive.Parse
2015-08-05 15:45:58,454 - Loaded System Directive: org.apache.velocity.runtime.directive.Include
2015-08-05 15:45:58,455 - Loaded System Directive: org.apache.velocity.runtime.directive.Foreach
2015-08-05 15:45:58,486 - Created: 20 parsers.
2015-08-05 15:45:58,494 - Velocimacro : initialization starting.
2015-08-05 15:45:58,494 - Velocimacro : adding VMs from VM library template : VM_global_library.vm
2015-08-05 15:45:58,501 - ResourceManager : unable to find resource 'VM_global_library.vm' in any resource loader.
2015-08-05 15:45:58,501 - Velocimacro : error using  VM library template VM_global_library.vm : org.apache.velocity.exception.ResourceNotFoundException: Unable to find resource 'VM_global_library.vm'
2015-08-05 15:45:58,501 - Velocimacro :  VM library template macro registration complete.
2015-08-05 15:45:58,501 - Velocimacro : allowInline = true : VMs can be defined inline in templates
2015-08-05 15:45:58,501 - Velocimacro : allowInlineToOverride = false : VMs defined inline may NOT replace previous VM definitions
2015-08-05 15:45:58,501 - Velocimacro : allowInlineLocal = false : VMs defined inline will be  global in scope if allowed.
2015-08-05 15:45:58,501 - Velocimacro : messages on  : VM system will output logging messages
2015-08-05 15:45:58,501 - Velocimacro : autoload off  : VM system will not automatically reload global library macros
2015-08-05 15:45:58,501 - Velocimacro : initialization complete.
2015-08-05 15:45:58,501 - Velocity successfully started.
2015-08-05 16:16:54,448 - SimpleLog4JLogSystem initialized using logfile 'velocity.log'
2015-08-05 16:16:54,448 - ************************************************************** 
2015-08-05 16:16:54,448 - Starting Jakarta Velocity v1.4
2015-08-05 16:16:54,448 - RuntimeInstance initializing.
2015-08-05 16:16:54,448 - Default Properties File: org\apache\velocity\runtime\defaults\velocity.properties
2015-08-05 16:16:54,448 - Trying to use logger class org.apache.velocity.runtime.log.SimpleLog4JLogSystem
2015-08-05 16:16:54,448 - Using logger class org.apache.velocity.runtime.log.SimpleLog4JLogSystem
2015-08-05 16:16:54,452 - Default ResourceManager initializing. (class org.apache.velocity.runtime.resource.ResourceManagerImpl)
2015-08-05 16:16:54,455 - Resource Loader Instantiated: org.apache.velocity.runtime.resource.loader.ClasspathResourceLoader
2015-08-05 16:16:54,455 - ClasspathResourceLoader : initialization starting.
2015-08-05 16:16:54,455 - ClasspathResourceLoader : initialization complete.
2015-08-05 16:16:54,457 - ResourceCache : initialized. (class org.apache.velocity.runtime.resource.ResourceCacheImpl)
2015-08-05 16:16:54,457 - Default ResourceManager initialization complete.
2015-08-05 16:16:54,458 - Loaded System Directive: org.apache.velocity.runtime.directive.Literal
2015-08-05 16:16:54,460 - Loaded System Directive: org.apache.velocity.runtime.directive.Macro
2015-08-05 16:16:54,463 - Loaded System Directive: org.apache.velocity.runtime.directive.Parse
2015-08-05 16:16:54,465 - Loaded System Directive: org.apache.velocity.runtime.directive.Include
2015-08-05 16:16:54,466 - Loaded System Directive: org.apache.velocity.runtime.directive.Foreach
2015-08-05 16:16:54,497 - Created: 20 parsers.
2015-08-05 16:16:54,505 - Velocimacro : initialization starting.
2015-08-05 16:16:54,506 - Velocimacro : adding VMs from VM library template : VM_global_library.vm
2015-08-05 16:16:54,512 - ResourceManager : unable to find resource 'VM_global_library.vm' in any resource loader.
2015-08-05 16:16:54,513 - Velocimacro : error using  VM library template VM_global_library.vm : org.apache.velocity.exception.ResourceNotFoundException: Unable to find resource 'VM_global_library.vm'
2015-08-05 16:16:54,513 - Velocimacro :  VM library template macro registration complete.
2015-08-05 16:16:54,513 - Velocimacro : allowInline = true : VMs can be defined inline in templates
2015-08-05 16:16:54,513 - Velocimacro : allowInlineToOverride = false : VMs defined inline may NOT replace previous VM definitions
2015-08-05 16:16:54,513 - Velocimacro : allowInlineLocal = false : VMs defined inline will be  global in scope if allowed.
2015-08-05 16:16:54,513 - Velocimacro : messages on  : VM system will output logging messages
2015-08-05 16:16:54,513 - Velocimacro : autoload off  : VM system will not automatically reload global library macros
2015-08-05 16:16:54,513 - Velocimacro : initialization complete.
2015-08-05 16:16:54,513 - Velocity successfully started.
2015-08-05 17:53:15,307 - SimpleLog4JLogSystem initialized using logfile 'velocity.log'
2015-08-05 17:53:15,307 - ************************************************************** 
2015-08-05 17:53:15,307 - Starting Jakarta Velocity v1.4
2015-08-05 17:53:15,307 - RuntimeInstance initializing.
2015-08-05 17:53:15,307 - Default Properties File: org\apache\velocity\runtime\defaults\velocity.properties
2015-08-05 17:53:15,307 - Trying to use logger class org.apache.velocity.runtime.log.SimpleLog4JLogSystem
2015-08-05 17:53:15,307 - Using logger class org.apache.velocity.runtime.log.SimpleLog4JLogSystem
2015-08-05 17:53:15,310 - Default ResourceManager initializing. (class org.apache.velocity.runtime.resource.ResourceManagerImpl)
2015-08-05 17:53:15,313 - Resource Loader Instantiated: org.apache.velocity.runtime.resource.loader.ClasspathResourceLoader
2015-08-05 17:53:15,313 - ClasspathResourceLoader : initialization starting.
2015-08-05 17:53:15,313 - ClasspathResourceLoader : initialization complete.
2015-08-05 17:53:15,315 - ResourceCache : initialized. (class org.apache.velocity.runtime.resource.ResourceCacheImpl)
2015-08-05 17:53:15,315 - Default ResourceManager initialization complete.
2015-08-05 17:53:15,317 - Loaded System Directive: org.apache.velocity.runtime.directive.Literal
2015-08-05 17:53:15,319 - Loaded System Directive: org.apache.velocity.runtime.directive.Macro
2015-08-05 17:53:15,322 - Loaded System Directive: org.apache.velocity.runtime.directive.Parse
2015-08-05 17:53:15,324 - Loaded System Directive: org.apache.velocity.runtime.directive.Include
2015-08-05 17:53:15,325 - Loaded System Directive: org.apache.velocity.runtime.directive.Foreach
2015-08-05 17:53:15,356 - Created: 20 parsers.
2015-08-05 17:53:15,364 - Velocimacro : initialization starting.
2015-08-05 17:53:15,364 - Velocimacro : adding VMs from VM library template : VM_global_library.vm
2015-08-05 17:53:15,371 - ResourceManager : unable to find resource 'VM_global_library.vm' in any resource loader.
2015-08-05 17:53:15,371 - Velocimacro : error using  VM library template VM_global_library.vm : org.apache.velocity.exception.ResourceNotFoundException: Unable to find resource 'VM_global_library.vm'
2015-08-05 17:53:15,371 - Velocimacro :  VM library template macro registration complete.
2015-08-05 17:53:15,371 - Velocimacro : allowInline = true : VMs can be defined inline in templates
2015-08-05 17:53:15,371 - Velocimacro : allowInlineToOverride = false : VMs defined inline may NOT replace previous VM definitions
2015-08-05 17:53:15,371 - Velocimacro : allowInlineLocal = false : VMs defined inline will be  global in scope if allowed.
2015-08-05 17:53:15,371 - Velocimacro : messages on  : VM system will output logging messages
2015-08-05 17:53:15,371 - Velocimacro : autoload off  : VM system will not automatically reload global library macros
2015-08-05 17:53:15,371 - Velocimacro : initialization complete.
2015-08-05 17:53:15,371 - Velocity successfully started.
2015-08-05 18:05:23,837 - SimpleLog4JLogSystem initialized using logfile 'velocity.log'
2015-08-05 18:05:23,837 - ************************************************************** 
2015-08-05 18:05:23,837 - Starting Jakarta Velocity v1.4
2015-08-05 18:05:23,837 - RuntimeInstance initializing.
2015-08-05 18:05:23,838 - Default Properties File: org\apache\velocity\runtime\defaults\velocity.properties
2015-08-05 18:05:23,838 - Trying to use logger class org.apache.velocity.runtime.log.SimpleLog4JLogSystem
2015-08-05 18:05:23,838 - Using logger class org.apache.velocity.runtime.log.SimpleLog4JLogSystem
2015-08-05 18:05:23,841 - Default ResourceManager initializing. (class org.apache.velocity.runtime.resource.ResourceManagerImpl)
2015-08-05 18:05:23,844 - Resource Loader Instantiated: org.apache.velocity.runtime.resource.loader.ClasspathResourceLoader
2015-08-05 18:05:23,844 - ClasspathResourceLoader : initialization starting.
2015-08-05 18:05:23,844 - ClasspathResourceLoader : initialization complete.
2015-08-05 18:05:23,846 - ResourceCache : initialized. (class org.apache.velocity.runtime.resource.ResourceCacheImpl)
2015-08-05 18:05:23,846 - Default ResourceManager initialization complete.
2015-08-05 18:05:23,847 - Loaded System Directive: org.apache.velocity.runtime.directive.Literal
2015-08-05 18:05:23,849 - Loaded System Directive: org.apache.velocity.runtime.directive.Macro
2015-08-05 18:05:23,852 - Loaded System Directive: org.apache.velocity.runtime.directive.Parse
2015-08-05 18:05:23,854 - Loaded System Directive: org.apache.velocity.runtime.directive.Include
2015-08-05 18:05:23,855 - Loaded System Directive: org.apache.velocity.runtime.directive.Foreach
2015-08-05 18:05:23,886 - Created: 20 parsers.
2015-08-05 18:05:23,895 - Velocimacro : initialization starting.
2015-08-05 18:05:23,895 - Velocimacro : adding VMs from VM library template : VM_global_library.vm
2015-08-05 18:05:23,902 - ResourceManager : unable to find resource 'VM_global_library.vm' in any resource loader.
2015-08-05 18:05:23,902 - Velocimacro : error using  VM library template VM_global_library.vm : org.apache.velocity.exception.ResourceNotFoundException: Unable to find resource 'VM_global_library.vm'
2015-08-05 18:05:23,902 - Velocimacro :  VM library template macro registration complete.
2015-08-05 18:05:23,902 - Velocimacro : allowInline = true : VMs can be defined inline in templates
2015-08-05 18:05:23,903 - Velocimacro : allowInlineToOverride = false : VMs defined inline may NOT replace previous VM definitions
2015-08-05 18:05:23,903 - Velocimacro : allowInlineLocal = false : VMs defined inline will be  global in scope if allowed.
2015-08-05 18:05:23,903 - Velocimacro : messages on  : VM system will output logging messages
2015-08-05 18:05:23,903 - Velocimacro : autoload off  : VM system will not automatically reload global library macros
2015-08-05 18:05:23,903 - Velocimacro : initialization complete.
2015-08-05 18:05:23,903 - Velocity successfully started.
2015-08-05 18:24:46,799 - SimpleLog4JLogSystem initialized using logfile 'velocity.log'
2015-08-05 18:24:46,799 - ************************************************************** 
2015-08-05 18:24:46,799 - Starting Jakarta Velocity v1.4
2015-08-05 18:24:46,799 - RuntimeInstance initializing.
2015-08-05 18:24:46,799 - Default Properties File: org\apache\velocity\runtime\defaults\velocity.properties
2015-08-05 18:24:46,799 - Trying to use logger class org.apache.velocity.runtime.log.SimpleLog4JLogSystem
2015-08-05 18:24:46,799 - Using logger class org.apache.velocity.runtime.log.SimpleLog4JLogSystem
2015-08-05 18:24:46,803 - Default ResourceManager initializing. (class org.apache.velocity.runtime.resource.ResourceManagerImpl)
2015-08-05 18:24:46,806 - Resource Loader Instantiated: org.apache.velocity.runtime.resource.loader.ClasspathResourceLoader
2015-08-05 18:24:46,806 - ClasspathResourceLoader : initialization starting.
2015-08-05 18:24:46,806 - ClasspathResourceLoader : initialization complete.
2015-08-05 18:24:46,808 - ResourceCache : initialized. (class org.apache.velocity.runtime.resource.ResourceCacheImpl)
2015-08-05 18:24:46,808 - Default ResourceManager initialization complete.
2015-08-05 18:24:46,809 - Loaded System Directive: org.apache.velocity.runtime.directive.Literal
2015-08-05 18:24:46,811 - Loaded System Directive: org.apache.velocity.runtime.directive.Macro
2015-08-05 18:24:46,814 - Loaded System Directive: org.apache.velocity.runtime.directive.Parse
2015-08-05 18:24:46,816 - Loaded System Directive: org.apache.velocity.runtime.directive.Include
2015-08-05 18:24:46,817 - Loaded System Directive: org.apache.velocity.runtime.directive.Foreach
2015-08-05 18:24:46,848 - Created: 20 parsers.
2015-08-05 18:24:46,856 - Velocimacro : initialization starting.
2015-08-05 18:24:46,856 - Velocimacro : adding VMs from VM library template : VM_global_library.vm
2015-08-05 18:24:46,863 - ResourceManager : unable to find resource 'VM_global_library.vm' in any resource loader.
2015-08-05 18:24:46,863 - Velocimacro : error using  VM library template VM_global_library.vm : org.apache.velocity.exception.ResourceNotFoundException: Unable to find resource 'VM_global_library.vm'
2015-08-05 18:24:46,863 - Velocimacro :  VM library template macro registration complete.
2015-08-05 18:24:46,863 - Velocimacro : allowInline = true : VMs can be defined inline in templates
2015-08-05 18:24:46,863 - Velocimacro : allowInlineToOverride = false : VMs defined inline may NOT replace previous VM definitions
2015-08-05 18:24:46,863 - Velocimacro : allowInlineLocal = false : VMs defined inline will be  global in scope if allowed.
2015-08-05 18:24:46,863 - Velocimacro : messages on  : VM system will output logging messages
2015-08-05 18:24:46,863 - Velocimacro : autoload off  : VM system will not automatically reload global library macros
2015-08-05 18:24:46,863 - Velocimacro : initialization complete.
2015-08-05 18:24:46,863 - Velocity successfully started.
2015-08-05 18:37:42,714 - SimpleLog4JLogSystem initialized using logfile 'velocity.log'
2015-08-05 18:37:42,714 - ************************************************************** 
2015-08-05 18:37:42,714 - Starting Jakarta Velocity v1.4
2015-08-05 18:37:42,714 - RuntimeInstance initializing.
2015-08-05 18:37:42,714 - Default Properties File: org\apache\velocity\runtime\defaults\velocity.properties
2015-08-05 18:37:42,714 - Trying to use logger class org.apache.velocity.runtime.log.SimpleLog4JLogSystem
2015-08-05 18:37:42,714 - Using logger class org.apache.velocity.runtime.log.SimpleLog4JLogSystem
2015-08-05 18:37:42,718 - Default ResourceManager initializing. (class org.apache.velocity.runtime.resource.ResourceManagerImpl)
2015-08-05 18:37:42,720 - Resource Loader Instantiated: org.apache.velocity.runtime.resource.loader.ClasspathResourceLoader
2015-08-05 18:37:42,721 - ClasspathResourceLoader : initialization starting.
2015-08-05 18:37:42,721 - ClasspathResourceLoader : initialization complete.
2015-08-05 18:37:42,722 - ResourceCache : initialized. (class org.apache.velocity.runtime.resource.ResourceCacheImpl)
2015-08-05 18:37:42,722 - Default ResourceManager initialization complete.
2015-08-05 18:37:42,724 - Loaded System Directive: org.apache.velocity.runtime.directive.Literal
2015-08-05 18:37:42,726 - Loaded System Directive: org.apache.velocity.runtime.directive.Macro
2015-08-05 18:37:42,729 - Loaded System Directive: org.apache.velocity.runtime.directive.Parse
2015-08-05 18:37:42,731 - Loaded System Directive: org.apache.velocity.runtime.directive.Include
2015-08-05 18:37:42,732 - Loaded System Directive: org.apache.velocity.runtime.directive.Foreach
2015-08-05 18:37:42,763 - Created: 20 parsers.
2015-08-05 18:37:42,771 - Velocimacro : initialization starting.
2015-08-05 18:37:42,771 - Velocimacro : adding VMs from VM library template : VM_global_library.vm
2015-08-05 18:37:42,778 - ResourceManager : unable to find resource 'VM_global_library.vm' in any resource loader.
2015-08-05 18:37:42,778 - Velocimacro : error using  VM library template VM_global_library.vm : org.apache.velocity.exception.ResourceNotFoundException: Unable to find resource 'VM_global_library.vm'
2015-08-05 18:37:42,778 - Velocimacro :  VM library template macro registration complete.
2015-08-05 18:37:42,778 - Velocimacro : allowInline = true : VMs can be defined inline in templates
2015-08-05 18:37:42,778 - Velocimacro : allowInlineToOverride = false : VMs defined inline may NOT replace previous VM definitions
2015-08-05 18:37:42,778 - Velocimacro : allowInlineLocal = false : VMs defined inline will be  global in scope if allowed.
2015-08-05 18:37:42,778 - Velocimacro : messages on  : VM system will output logging messages
2015-08-05 18:37:42,778 - Velocimacro : autoload off  : VM system will not automatically reload global library macros
2015-08-05 18:37:42,778 - Velocimacro : initialization complete.
2015-08-05 18:37:42,778 - Velocity successfully started.
2015-08-05 18:42:51,633 - SimpleLog4JLogSystem initialized using logfile 'velocity.log'
2015-08-05 18:42:51,633 - ************************************************************** 
2015-08-05 18:42:51,633 - Starting Jakarta Velocity v1.4
2015-08-05 18:42:51,633 - RuntimeInstance initializing.
2015-08-05 18:42:51,633 - Default Properties File: org\apache\velocity\runtime\defaults\velocity.properties
2015-08-05 18:42:51,633 - Trying to use logger class org.apache.velocity.runtime.log.SimpleLog4JLogSystem
2015-08-05 18:42:51,633 - Using logger class org.apache.velocity.runtime.log.SimpleLog4JLogSystem
2015-08-05 18:42:51,637 - Default ResourceManager initializing. (class org.apache.velocity.runtime.resource.ResourceManagerImpl)
2015-08-05 18:42:51,639 - Resource Loader Instantiated: org.apache.velocity.runtime.resource.loader.ClasspathResourceLoader
2015-08-05 18:42:51,640 - ClasspathResourceLoader : initialization starting.
2015-08-05 18:42:51,640 - ClasspathResourceLoader : initialization complete.
2015-08-05 18:42:51,641 - ResourceCache : initialized. (class org.apache.velocity.runtime.resource.ResourceCacheImpl)
2015-08-05 18:42:51,642 - Default ResourceManager initialization complete.
2015-08-05 18:42:51,643 - Loaded System Directive: org.apache.velocity.runtime.directive.Literal
2015-08-05 18:42:51,645 - Loaded System Directive: org.apache.velocity.runtime.directive.Macro
2015-08-05 18:42:51,648 - Loaded System Directive: org.apache.velocity.runtime.directive.Parse
2015-08-05 18:42:51,650 - Loaded System Directive: org.apache.velocity.runtime.directive.Include
2015-08-05 18:42:51,651 - Loaded System Directive: org.apache.velocity.runtime.directive.Foreach
2015-08-05 18:42:51,682 - Created: 20 parsers.
2015-08-05 18:42:51,690 - Velocimacro : initialization starting.
2015-08-05 18:42:51,690 - Velocimacro : adding VMs from VM library template : VM_global_library.vm
2015-08-05 18:42:51,696 - ResourceManager : unable to find resource 'VM_global_library.vm' in any resource loader.
2015-08-05 18:42:51,696 - Velocimacro : error using  VM library template VM_global_library.vm : org.apache.velocity.exception.ResourceNotFoundException: Unable to find resource 'VM_global_library.vm'
2015-08-05 18:42:51,697 - Velocimacro :  VM library template macro registration complete.
2015-08-05 18:42:51,697 - Velocimacro : allowInline = true : VMs can be defined inline in templates
2015-08-05 18:42:51,697 - Velocimacro : allowInlineToOverride = false : VMs defined inline may NOT replace previous VM definitions
2015-08-05 18:42:51,697 - Velocimacro : allowInlineLocal = false : VMs defined inline will be  global in scope if allowed.
2015-08-05 18:42:51,697 - Velocimacro : messages on  : VM system will output logging messages
2015-08-05 18:42:51,697 - Velocimacro : autoload off  : VM system will not automatically reload global library macros
2015-08-05 18:42:51,697 - Velocimacro : initialization complete.
2015-08-05 18:42:51,697 - Velocity successfully started.
2015-08-05 18:46:57,204 - SimpleLog4JLogSystem initialized using logfile 'velocity.log'
2015-08-05 18:46:57,204 - ************************************************************** 
2015-08-05 18:46:57,205 - Starting Jakarta Velocity v1.4
2015-08-05 18:46:57,205 - RuntimeInstance initializing.
2015-08-05 18:46:57,205 - Default Properties File: org\apache\velocity\runtime\defaults\velocity.properties
2015-08-05 18:46:57,205 - Trying to use logger class org.apache.velocity.runtime.log.SimpleLog4JLogSystem
2015-08-05 18:46:57,205 - Using logger class org.apache.velocity.runtime.log.SimpleLog4JLogSystem
2015-08-05 18:46:57,208 - Default ResourceManager initializing. (class org.apache.velocity.runtime.resource.ResourceManagerImpl)
2015-08-05 18:46:57,211 - Resource Loader Instantiated: org.apache.velocity.runtime.resource.loader.ClasspathResourceLoader
2015-08-05 18:46:57,211 - ClasspathResourceLoader : initialization starting.
2015-08-05 18:46:57,211 - ClasspathResourceLoader : initialization complete.
2015-08-05 18:46:57,213 - ResourceCache : initialized. (class org.apache.velocity.runtime.resource.ResourceCacheImpl)
2015-08-05 18:46:57,213 - Default ResourceManager initialization complete.
2015-08-05 18:46:57,214 - Loaded System Directive: org.apache.velocity.runtime.directive.Literal
2015-08-05 18:46:57,216 - Loaded System Directive: org.apache.velocity.runtime.directive.Macro
2015-08-05 18:46:57,219 - Loaded System Directive: org.apache.velocity.runtime.directive.Parse
2015-08-05 18:46:57,221 - Loaded System Directive: org.apache.velocity.runtime.directive.Include
2015-08-05 18:46:57,222 - Loaded System Directive: org.apache.velocity.runtime.directive.Foreach
2015-08-05 18:46:57,252 - Created: 20 parsers.
2015-08-05 18:46:57,260 - Velocimacro : initialization starting.
2015-08-05 18:46:57,260 - Velocimacro : adding VMs from VM library template : VM_global_library.vm
2015-08-05 18:46:57,267 - ResourceManager : unable to find resource 'VM_global_library.vm' in any resource loader.
2015-08-05 18:46:57,267 - Velocimacro : error using  VM library template VM_global_library.vm : org.apache.velocity.exception.ResourceNotFoundException: Unable to find resource 'VM_global_library.vm'
2015-08-05 18:46:57,267 - Velocimacro :  VM library template macro registration complete.
2015-08-05 18:46:57,267 - Velocimacro : allowInline = true : VMs can be defined inline in templates
2015-08-05 18:46:57,267 - Velocimacro : allowInlineToOverride = false : VMs defined inline may NOT replace previous VM definitions
2015-08-05 18:46:57,267 - Velocimacro : allowInlineLocal = false : VMs defined inline will be  global in scope if allowed.
2015-08-05 18:46:57,267 - Velocimacro : messages on  : VM system will output logging messages
2015-08-05 18:46:57,267 - Velocimacro : autoload off  : VM system will not automatically reload global library macros
2015-08-05 18:46:57,267 - Velocimacro : initialization complete.
2015-08-05 18:46:57,267 - Velocity successfully started.
2015-08-05 19:02:35,830 - SimpleLog4JLogSystem initialized using logfile 'velocity.log'
2015-08-05 19:02:35,830 - ************************************************************** 
2015-08-05 19:02:35,830 - Starting Jakarta Velocity v1.4
2015-08-05 19:02:35,830 - RuntimeInstance initializing.
2015-08-05 19:02:35,830 - Default Properties File: org\apache\velocity\runtime\defaults\velocity.properties
2015-08-05 19:02:35,830 - Trying to use logger class org.apache.velocity.runtime.log.SimpleLog4JLogSystem
2015-08-05 19:02:35,830 - Using logger class org.apache.velocity.runtime.log.SimpleLog4JLogSystem
2015-08-05 19:02:35,833 - Default ResourceManager initializing. (class org.apache.velocity.runtime.resource.ResourceManagerImpl)
2015-08-05 19:02:35,836 - Resource Loader Instantiated: org.apache.velocity.runtime.resource.loader.ClasspathResourceLoader
2015-08-05 19:02:35,836 - ClasspathResourceLoader : initialization starting.
2015-08-05 19:02:35,836 - ClasspathResourceLoader : initialization complete.
2015-08-05 19:02:35,838 - ResourceCache : initialized. (class org.apache.velocity.runtime.resource.ResourceCacheImpl)
2015-08-05 19:02:35,838 - Default ResourceManager initialization complete.
2015-08-05 19:02:35,840 - Loaded System Directive: org.apache.velocity.runtime.directive.Literal
2015-08-05 19:02:35,842 - Loaded System Directive: org.apache.velocity.runtime.directive.Macro
2015-08-05 19:02:35,845 - Loaded System Directive: org.apache.velocity.runtime.directive.Parse
2015-08-05 19:02:35,847 - Loaded System Directive: org.apache.velocity.runtime.directive.Include
2015-08-05 19:02:35,848 - Loaded System Directive: org.apache.velocity.runtime.directive.Foreach
2015-08-05 19:02:35,878 - Created: 20 parsers.
2015-08-05 19:02:35,886 - Velocimacro : initialization starting.
2015-08-05 19:02:35,886 - Velocimacro : adding VMs from VM library template : VM_global_library.vm
2015-08-05 19:02:35,893 - ResourceManager : unable to find resource 'VM_global_library.vm' in any resource loader.
2015-08-05 19:02:35,893 - Velocimacro : error using  VM library template VM_global_library.vm : org.apache.velocity.exception.ResourceNotFoundException: Unable to find resource 'VM_global_library.vm'
2015-08-05 19:02:35,893 - Velocimacro :  VM library template macro registration complete.
2015-08-05 19:02:35,893 - Velocimacro : allowInline = true : VMs can be defined inline in templates
2015-08-05 19:02:35,893 - Velocimacro : allowInlineToOverride = false : VMs defined inline may NOT replace previous VM definitions
2015-08-05 19:02:35,893 - Velocimacro : allowInlineLocal = false : VMs defined inline will be  global in scope if allowed.
2015-08-05 19:02:35,893 - Velocimacro : messages on  : VM system will output logging messages
2015-08-05 19:02:35,893 - Velocimacro : autoload off  : VM system will not automatically reload global library macros
2015-08-05 19:02:35,893 - Velocimacro : initialization complete.
2015-08-05 19:02:35,893 - Velocity successfully started.
2015-08-05 19:09:47,602 - SimpleLog4JLogSystem initialized using logfile 'velocity.log'
2015-08-05 19:09:47,602 - ************************************************************** 
2015-08-05 19:09:47,602 - Starting Jakarta Velocity v1.4
2015-08-05 19:09:47,602 - RuntimeInstance initializing.
2015-08-05 19:09:47,602 - Default Properties File: org\apache\velocity\runtime\defaults\velocity.properties
2015-08-05 19:09:47,602 - Trying to use logger class org.apache.velocity.runtime.log.SimpleLog4JLogSystem
2015-08-05 19:09:47,603 - Using logger class org.apache.velocity.runtime.log.SimpleLog4JLogSystem
2015-08-05 19:09:47,606 - Default ResourceManager initializing. (class org.apache.velocity.runtime.resource.ResourceManagerImpl)
2015-08-05 19:09:47,609 - Resource Loader Instantiated: org.apache.velocity.runtime.resource.loader.ClasspathResourceLoader
2015-08-05 19:09:47,609 - ClasspathResourceLoader : initialization starting.
2015-08-05 19:09:47,609 - ClasspathResourceLoader : initialization complete.
2015-08-05 19:09:47,611 - ResourceCache : initialized. (class org.apache.velocity.runtime.resource.ResourceCacheImpl)
2015-08-05 19:09:47,611 - Default ResourceManager initialization complete.
2015-08-05 19:09:47,613 - Loaded System Directive: org.apache.velocity.runtime.directive.Literal
2015-08-05 19:09:47,614 - Loaded System Directive: org.apache.velocity.runtime.directive.Macro
2015-08-05 19:09:47,617 - Loaded System Directive: org.apache.velocity.runtime.directive.Parse
2015-08-05 19:09:47,619 - Loaded System Directive: org.apache.velocity.runtime.directive.Include
2015-08-05 19:09:47,621 - Loaded System Directive: org.apache.velocity.runtime.directive.Foreach
2015-08-05 19:09:47,652 - Created: 20 parsers.
2015-08-05 19:09:47,660 - Velocimacro : initialization starting.
2015-08-05 19:09:47,660 - Velocimacro : adding VMs from VM library template : VM_global_library.vm
2015-08-05 19:09:47,667 - ResourceManager : unable to find resource 'VM_global_library.vm' in any resource loader.
2015-08-05 19:09:47,667 - Velocimacro : error using  VM library template VM_global_library.vm : org.apache.velocity.exception.ResourceNotFoundException: Unable to find resource 'VM_global_library.vm'
2015-08-05 19:09:47,667 - Velocimacro :  VM library template macro registration complete.
2015-08-05 19:09:47,667 - Velocimacro : allowInline = true : VMs can be defined inline in templates
2015-08-05 19:09:47,667 - Velocimacro : allowInlineToOverride = false : VMs defined inline may NOT replace previous VM definitions
2015-08-05 19:09:47,667 - Velocimacro : allowInlineLocal = false : VMs defined inline will be  global in scope if allowed.
2015-08-05 19:09:47,667 - Velocimacro : messages on  : VM system will output logging messages
2015-08-05 19:09:47,667 - Velocimacro : autoload off  : VM system will not automatically reload global library macros
2015-08-05 19:09:47,667 - Velocimacro : initialization complete.
2015-08-05 19:09:47,667 - Velocity successfully started.
2015-08-06 08:02:29,015 - SimpleLog4JLogSystem initialized using logfile 'velocity.log'
2015-08-06 08:02:29,016 - ************************************************************** 
2015-08-06 08:02:29,016 - Starting Jakarta Velocity v1.4
2015-08-06 08:02:29,016 - RuntimeInstance initializing.
2015-08-06 08:02:29,016 - Default Properties File: org\apache\velocity\runtime\defaults\velocity.properties
2015-08-06 08:02:29,016 - Trying to use logger class org.apache.velocity.runtime.log.SimpleLog4JLogSystem
2015-08-06 08:02:29,016 - Using logger class org.apache.velocity.runtime.log.SimpleLog4JLogSystem
2015-08-06 08:02:29,019 - Default ResourceManager initializing. (class org.apache.velocity.runtime.resource.ResourceManagerImpl)
2015-08-06 08:02:29,022 - Resource Loader Instantiated: org.apache.velocity.runtime.resource.loader.ClasspathResourceLoader
2015-08-06 08:02:29,022 - ClasspathResourceLoader : initialization starting.
2015-08-06 08:02:29,022 - ClasspathResourceLoader : initialization complete.
2015-08-06 08:02:29,024 - ResourceCache : initialized. (class org.apache.velocity.runtime.resource.ResourceCacheImpl)
2015-08-06 08:02:29,024 - Default ResourceManager initialization complete.
2015-08-06 08:02:29,026 - Loaded System Directive: org.apache.velocity.runtime.directive.Literal
2015-08-06 08:02:29,028 - Loaded System Directive: org.apache.velocity.runtime.directive.Macro
2015-08-06 08:02:29,030 - Loaded System Directive: org.apache.velocity.runtime.directive.Parse
2015-08-06 08:02:29,032 - Loaded System Directive: org.apache.velocity.runtime.directive.Include
2015-08-06 08:02:29,034 - Loaded System Directive: org.apache.velocity.runtime.directive.Foreach
2015-08-06 08:02:29,064 - Created: 20 parsers.
2015-08-06 08:02:29,072 - Velocimacro : initialization starting.
2015-08-06 08:02:29,072 - Velocimacro : adding VMs from VM library template : VM_global_library.vm
2015-08-06 08:02:29,079 - ResourceManager : unable to find resource 'VM_global_library.vm' in any resource loader.
2015-08-06 08:02:29,079 - Velocimacro : error using  VM library template VM_global_library.vm : org.apache.velocity.exception.ResourceNotFoundException: Unable to find resource 'VM_global_library.vm'
2015-08-06 08:02:29,079 - Velocimacro :  VM library template macro registration complete.
2015-08-06 08:02:29,079 - Velocimacro : allowInline = true : VMs can be defined inline in templates
2015-08-06 08:02:29,079 - Velocimacro : allowInlineToOverride = false : VMs defined inline may NOT replace previous VM definitions
2015-08-06 08:02:29,079 - Velocimacro : allowInlineLocal = false : VMs defined inline will be  global in scope if allowed.
2015-08-06 08:02:29,079 - Velocimacro : messages on  : VM system will output logging messages
2015-08-06 08:02:29,079 - Velocimacro : autoload off  : VM system will not automatically reload global library macros
2015-08-06 08:02:29,079 - Velocimacro : initialization complete.
2015-08-06 08:02:29,079 - Velocity successfully started.
2015-08-06 08:06:48,878 - SimpleLog4JLogSystem initialized using logfile 'velocity.log'
2015-08-06 08:06:48,879 - ************************************************************** 
2015-08-06 08:06:48,879 - Starting Jakarta Velocity v1.4
2015-08-06 08:06:48,879 - RuntimeInstance initializing.
2015-08-06 08:06:48,879 - Default Properties File: org\apache\velocity\runtime\defaults\velocity.properties
2015-08-06 08:06:48,879 - Trying to use logger class org.apache.velocity.runtime.log.SimpleLog4JLogSystem
2015-08-06 08:06:48,879 - Using logger class org.apache.velocity.runtime.log.SimpleLog4JLogSystem
2015-08-06 08:06:48,882 - Default ResourceManager initializing. (class org.apache.velocity.runtime.resource.ResourceManagerImpl)
2015-08-06 08:06:48,885 - Resource Loader Instantiated: org.apache.velocity.runtime.resource.loader.ClasspathResourceLoader
2015-08-06 08:06:48,885 - ClasspathResourceLoader : initialization starting.
2015-08-06 08:06:48,885 - ClasspathResourceLoader : initialization complete.
2015-08-06 08:06:48,887 - ResourceCache : initialized. (class org.apache.velocity.runtime.resource.ResourceCacheImpl)
2015-08-06 08:06:48,887 - Default ResourceManager initialization complete.
2015-08-06 08:06:48,889 - Loaded System Directive: org.apache.velocity.runtime.directive.Literal
2015-08-06 08:06:48,891 - Loaded System Directive: org.apache.velocity.runtime.directive.Macro
2015-08-06 08:06:48,894 - Loaded System Directive: org.apache.velocity.runtime.directive.Parse
2015-08-06 08:06:48,896 - Loaded System Directive: org.apache.velocity.runtime.directive.Include
2015-08-06 08:06:48,897 - Loaded System Directive: org.apache.velocity.runtime.directive.Foreach
2015-08-06 08:06:48,929 - Created: 20 parsers.
2015-08-06 08:06:48,938 - Velocimacro : initialization starting.
2015-08-06 08:06:48,938 - Velocimacro : adding VMs from VM library template : VM_global_library.vm
2015-08-06 08:06:48,946 - ResourceManager : unable to find resource 'VM_global_library.vm' in any resource loader.
2015-08-06 08:06:48,946 - Velocimacro : error using  VM library template VM_global_library.vm : org.apache.velocity.exception.ResourceNotFoundException: Unable to find resource 'VM_global_library.vm'
2015-08-06 08:06:48,946 - Velocimacro :  VM library template macro registration complete.
2015-08-06 08:06:48,946 - Velocimacro : allowInline = true : VMs can be defined inline in templates
2015-08-06 08:06:48,946 - Velocimacro : allowInlineToOverride = false : VMs defined inline may NOT replace previous VM definitions
2015-08-06 08:06:48,946 - Velocimacro : allowInlineLocal = false : VMs defined inline will be  global in scope if allowed.
2015-08-06 08:06:48,946 - Velocimacro : messages on  : VM system will output logging messages
2015-08-06 08:06:48,946 - Velocimacro : autoload off  : VM system will not automatically reload global library macros
2015-08-06 08:06:48,946 - Velocimacro : initialization complete.
2015-08-06 08:06:48,946 - Velocity successfully started.
2015-08-06 08:28:26,662 - SimpleLog4JLogSystem initialized using logfile 'velocity.log'
2015-08-06 08:28:26,662 - ************************************************************** 
2015-08-06 08:28:26,662 - Starting Jakarta Velocity v1.4
2015-08-06 08:28:26,662 - RuntimeInstance initializing.
2015-08-06 08:28:26,662 - Default Properties File: org\apache\velocity\runtime\defaults\velocity.properties
2015-08-06 08:28:26,662 - Trying to use logger class org.apache.velocity.runtime.log.SimpleLog4JLogSystem
2015-08-06 08:28:26,662 - Using logger class org.apache.velocity.runtime.log.SimpleLog4JLogSystem
2015-08-06 08:28:26,666 - Default ResourceManager initializing. (class org.apache.velocity.runtime.resource.ResourceManagerImpl)
2015-08-06 08:28:26,669 - Resource Loader Instantiated: org.apache.velocity.runtime.resource.loader.ClasspathResourceLoader
2015-08-06 08:28:26,669 - ClasspathResourceLoader : initialization starting.
2015-08-06 08:28:26,669 - ClasspathResourceLoader : initialization complete.
2015-08-06 08:28:26,671 - ResourceCache : initialized. (class org.apache.velocity.runtime.resource.ResourceCacheImpl)
2015-08-06 08:28:26,671 - Default ResourceManager initialization complete.
2015-08-06 08:28:26,672 - Loaded System Directive: org.apache.velocity.runtime.directive.Literal
2015-08-06 08:28:26,674 - Loaded System Directive: org.apache.velocity.runtime.directive.Macro
2015-08-06 08:28:26,677 - Loaded System Directive: org.apache.velocity.runtime.directive.Parse
2015-08-06 08:28:26,679 - Loaded System Directive: org.apache.velocity.runtime.directive.Include
2015-08-06 08:28:26,681 - Loaded System Directive: org.apache.velocity.runtime.directive.Foreach
2015-08-06 08:28:26,711 - Created: 20 parsers.
2015-08-06 08:28:26,720 - Velocimacro : initialization starting.
2015-08-06 08:28:26,720 - Velocimacro : adding VMs from VM library template : VM_global_library.vm
2015-08-06 08:28:26,727 - ResourceManager : unable to find resource 'VM_global_library.vm' in any resource loader.
2015-08-06 08:28:26,727 - Velocimacro : error using  VM library template VM_global_library.vm : org.apache.velocity.exception.ResourceNotFoundException: Unable to find resource 'VM_global_library.vm'
2015-08-06 08:28:26,727 - Velocimacro :  VM library template macro registration complete.
2015-08-06 08:28:26,727 - Velocimacro : allowInline = true : VMs can be defined inline in templates
2015-08-06 08:28:26,727 - Velocimacro : allowInlineToOverride = false : VMs defined inline may NOT replace previous VM definitions
2015-08-06 08:28:26,727 - Velocimacro : allowInlineLocal = false : VMs defined inline will be  global in scope if allowed.
2015-08-06 08:28:26,727 - Velocimacro : messages on  : VM system will output logging messages
2015-08-06 08:28:26,727 - Velocimacro : autoload off  : VM system will not automatically reload global library macros
2015-08-06 08:28:26,727 - Velocimacro : initialization complete.
2015-08-06 08:28:26,727 - Velocity successfully started.
2015-08-06 10:41:12,426 - SimpleLog4JLogSystem initialized using logfile 'velocity.log'
2015-08-06 10:41:12,427 - ************************************************************** 
2015-08-06 10:41:12,427 - Starting Jakarta Velocity v1.4
2015-08-06 10:41:12,427 - RuntimeInstance initializing.
2015-08-06 10:41:12,427 - Default Properties File: org\apache\velocity\runtime\defaults\velocity.properties
2015-08-06 10:41:12,427 - Trying to use logger class org.apache.velocity.runtime.log.SimpleLog4JLogSystem
2015-08-06 10:41:12,427 - Using logger class org.apache.velocity.runtime.log.SimpleLog4JLogSystem
2015-08-06 10:41:12,430 - Default ResourceManager initializing. (class org.apache.velocity.runtime.resource.ResourceManagerImpl)
2015-08-06 10:41:12,433 - Resource Loader Instantiated: org.apache.velocity.runtime.resource.loader.ClasspathResourceLoader
2015-08-06 10:41:12,433 - ClasspathResourceLoader : initialization starting.
2015-08-06 10:41:12,433 - ClasspathResourceLoader : initialization complete.
2015-08-06 10:41:12,435 - ResourceCache : initialized. (class org.apache.velocity.runtime.resource.ResourceCacheImpl)
2015-08-06 10:41:12,435 - Default ResourceManager initialization complete.
2015-08-06 10:41:12,437 - Loaded System Directive: org.apache.velocity.runtime.directive.Literal
2015-08-06 10:41:12,438 - Loaded System Directive: org.apache.velocity.runtime.directive.Macro
2015-08-06 10:41:12,441 - Loaded System Directive: org.apache.velocity.runtime.directive.Parse
2015-08-06 10:41:12,443 - Loaded System Directive: org.apache.velocity.runtime.directive.Include
2015-08-06 10:41:12,444 - Loaded System Directive: org.apache.velocity.runtime.directive.Foreach
2015-08-06 10:41:12,475 - Created: 20 parsers.
2015-08-06 10:41:12,483 - Velocimacro : initialization starting.
2015-08-06 10:41:12,483 - Velocimacro : adding VMs from VM library template : VM_global_library.vm
2015-08-06 10:41:12,490 - ResourceManager : unable to find resource 'VM_global_library.vm' in any resource loader.
2015-08-06 10:41:12,490 - Velocimacro : error using  VM library template VM_global_library.vm : org.apache.velocity.exception.ResourceNotFoundException: Unable to find resource 'VM_global_library.vm'
2015-08-06 10:41:12,490 - Velocimacro :  VM library template macro registration complete.
2015-08-06 10:41:12,490 - Velocimacro : allowInline = true : VMs can be defined inline in templates
2015-08-06 10:41:12,490 - Velocimacro : allowInlineToOverride = false : VMs defined inline may NOT replace previous VM definitions
2015-08-06 10:41:12,490 - Velocimacro : allowInlineLocal = false : VMs defined inline will be  global in scope if allowed.
2015-08-06 10:41:12,490 - Velocimacro : messages on  : VM system will output logging messages
2015-08-06 10:41:12,490 - Velocimacro : autoload off  : VM system will not automatically reload global library macros
2015-08-06 10:41:12,490 - Velocimacro : initialization complete.
2015-08-06 10:41:12,490 - Velocity successfully started.
2015-08-07 16:13:39,374 - SimpleLog4JLogSystem initialized using logfile 'velocity.log'
2015-08-07 16:13:39,375 - ************************************************************** 
2015-08-07 16:13:39,375 - Starting Jakarta Velocity v1.4
2015-08-07 16:13:39,375 - RuntimeInstance initializing.
2015-08-07 16:13:39,375 - Default Properties File: org\apache\velocity\runtime\defaults\velocity.properties
2015-08-07 16:13:39,375 - Trying to use logger class org.apache.velocity.runtime.log.SimpleLog4JLogSystem
2015-08-07 16:13:39,375 - Using logger class org.apache.velocity.runtime.log.SimpleLog4JLogSystem
2015-08-07 16:13:39,378 - Default ResourceManager initializing. (class org.apache.velocity.runtime.resource.ResourceManagerImpl)
2015-08-07 16:13:39,382 - Resource Loader Instantiated: org.apache.velocity.runtime.resource.loader.ClasspathResourceLoader
2015-08-07 16:13:39,382 - ClasspathResourceLoader : initialization starting.
2015-08-07 16:13:39,382 - ClasspathResourceLoader : initialization complete.
2015-08-07 16:13:39,384 - ResourceCache : initialized. (class org.apache.velocity.runtime.resource.ResourceCacheImpl)
2015-08-07 16:13:39,384 - Default ResourceManager initialization complete.
2015-08-07 16:13:39,386 - Loaded System Directive: org.apache.velocity.runtime.directive.Literal
2015-08-07 16:13:39,388 - Loaded System Directive: org.apache.velocity.runtime.directive.Macro
2015-08-07 16:13:39,391 - Loaded System Directive: org.apache.velocity.runtime.directive.Parse
2015-08-07 16:13:39,393 - Loaded System Directive: org.apache.velocity.runtime.directive.Include
2015-08-07 16:13:39,394 - Loaded System Directive: org.apache.velocity.runtime.directive.Foreach
2015-08-07 16:13:39,426 - Created: 20 parsers.
2015-08-07 16:13:39,434 - Velocimacro : initialization starting.
2015-08-07 16:13:39,435 - Velocimacro : adding VMs from VM library template : VM_global_library.vm
2015-08-07 16:13:39,441 - ResourceManager : unable to find resource 'VM_global_library.vm' in any resource loader.
2015-08-07 16:13:39,441 - Velocimacro : error using  VM library template VM_global_library.vm : org.apache.velocity.exception.ResourceNotFoundException: Unable to find resource 'VM_global_library.vm'
2015-08-07 16:13:39,441 - Velocimacro :  VM library template macro registration complete.
2015-08-07 16:13:39,442 - Velocimacro : allowInline = true : VMs can be defined inline in templates
2015-08-07 16:13:39,442 - Velocimacro : allowInlineToOverride = false : VMs defined inline may NOT replace previous VM definitions
2015-08-07 16:13:39,442 - Velocimacro : allowInlineLocal = false : VMs defined inline will be  global in scope if allowed.
2015-08-07 16:13:39,442 - Velocimacro : messages on  : VM system will output logging messages
2015-08-07 16:13:39,442 - Velocimacro : autoload off  : VM system will not automatically reload global library macros
2015-08-07 16:13:39,442 - Velocimacro : initialization complete.
2015-08-07 16:13:39,442 - Velocity successfully started.
2015-09-29 13:09:21,441 - SimpleLog4JLogSystem initialized using logfile 'velocity.log'
2015-09-29 13:09:21,442 - ************************************************************** 
2015-09-29 13:09:21,442 - Starting Jakarta Velocity v1.4
2015-09-29 13:09:21,442 - RuntimeInstance initializing.
2015-09-29 13:09:21,442 - Default Properties File: org\apache\velocity\runtime\defaults\velocity.properties
2015-09-29 13:09:21,442 - Trying to use logger class org.apache.velocity.runtime.log.SimpleLog4JLogSystem
2015-09-29 13:09:21,442 - Using logger class org.apache.velocity.runtime.log.SimpleLog4JLogSystem
2015-09-29 13:09:21,445 - Default ResourceManager initializing. (class org.apache.velocity.runtime.resource.ResourceManagerImpl)
2015-09-29 13:09:21,447 - Resource Loader Instantiated: org.apache.velocity.runtime.resource.loader.ClasspathResourceLoader
2015-09-29 13:09:21,448 - ClasspathResourceLoader : initialization starting.
2015-09-29 13:09:21,448 - ClasspathResourceLoader : initialization complete.
2015-09-29 13:09:21,449 - ResourceCache : initialized. (class org.apache.velocity.runtime.resource.ResourceCacheImpl)
2015-09-29 13:09:21,449 - Default ResourceManager initialization complete.
2015-09-29 13:09:21,450 - Loaded System Directive: org.apache.velocity.runtime.directive.Literal
2015-09-29 13:09:21,452 - Loaded System Directive: org.apache.velocity.runtime.directive.Macro
2015-09-29 13:09:21,454 - Loaded System Directive: org.apache.velocity.runtime.directive.Parse
2015-09-29 13:09:21,456 - Loaded System Directive: org.apache.velocity.runtime.directive.Include
2015-09-29 13:09:21,457 - Loaded System Directive: org.apache.velocity.runtime.directive.Foreach
2015-09-29 13:09:21,482 - Created: 20 parsers.
2015-09-29 13:09:21,489 - Velocimacro : initialization starting.
2015-09-29 13:09:21,489 - Velocimacro : adding VMs from VM library template : VM_global_library.vm
2015-09-29 13:09:21,494 - ResourceManager : unable to find resource 'VM_global_library.vm' in any resource loader.
2015-09-29 13:09:21,495 - Velocimacro : error using  VM library template VM_global_library.vm : org.apache.velocity.exception.ResourceNotFoundException: Unable to find resource 'VM_global_library.vm'
2015-09-29 13:09:21,495 - Velocimacro :  VM library template macro registration complete.
2015-09-29 13:09:21,495 - Velocimacro : allowInline = true : VMs can be defined inline in templates
2015-09-29 13:09:21,495 - Velocimacro : allowInlineToOverride = false : VMs defined inline may NOT replace previous VM definitions
2015-09-29 13:09:21,495 - Velocimacro : allowInlineLocal = false : VMs defined inline will be  global in scope if allowed.
2015-09-29 13:09:21,495 - Velocimacro : messages on  : VM system will output logging messages
2015-09-29 13:09:21,495 - Velocimacro : autoload off  : VM system will not automatically reload global library macros
2015-09-29 13:09:21,495 - Velocimacro : initialization complete.
2015-09-29 13:09:21,495 - Velocity successfully started.
2015-09-29 13:10:12,306 - ResourceManager : found repast/simphony/scenario/Scenario.vt with loader org.apache.velocity.runtime.resource.loader.ClasspathResourceLoader
2015-09-29 13:23:44,333 - SimpleLog4JLogSystem initialized using logfile 'velocity.log'
2015-09-29 13:23:44,333 - ************************************************************** 
2015-09-29 13:23:44,333 - Starting Jakarta Velocity v1.4
2015-09-29 13:23:44,333 - RuntimeInstance initializing.
2015-09-29 13:23:44,333 - Default Properties File: org\apache\velocity\runtime\defaults\velocity.properties
2015-09-29 13:23:44,333 - Trying to use logger class org.apache.velocity.runtime.log.SimpleLog4JLogSystem
2015-09-29 13:23:44,333 - Using logger class org.apache.velocity.runtime.log.SimpleLog4JLogSystem
2015-09-29 13:23:44,336 - Default ResourceManager initializing. (class org.apache.velocity.runtime.resource.ResourceManagerImpl)
2015-09-29 13:23:44,338 - Resource Loader Instantiated: org.apache.velocity.runtime.resource.loader.ClasspathResourceLoader
2015-09-29 13:23:44,338 - ClasspathResourceLoader : initialization starting.
2015-09-29 13:23:44,338 - ClasspathResourceLoader : initialization complete.
2015-09-29 13:23:44,339 - ResourceCache : initialized. (class org.apache.velocity.runtime.resource.ResourceCacheImpl)
2015-09-29 13:23:44,339 - Default ResourceManager initialization complete.
2015-09-29 13:23:44,341 - Loaded System Directive: org.apache.velocity.runtime.directive.Literal
2015-09-29 13:23:44,342 - Loaded System Directive: org.apache.velocity.runtime.directive.Macro
2015-09-29 13:23:44,344 - Loaded System Directive: org.apache.velocity.runtime.directive.Parse
2015-09-29 13:23:44,346 - Loaded System Directive: org.apache.velocity.runtime.directive.Include
2015-09-29 13:23:44,347 - Loaded System Directive: org.apache.velocity.runtime.directive.Foreach
2015-09-29 13:23:44,377 - Created: 20 parsers.
2015-09-29 13:23:44,384 - Velocimacro : initialization starting.
2015-09-29 13:23:44,384 - Velocimacro : adding VMs from VM library template : VM_global_library.vm
2015-09-29 13:23:44,389 - ResourceManager : unable to find resource 'VM_global_library.vm' in any resource loader.
2015-09-29 13:23:44,389 - Velocimacro : error using  VM library template VM_global_library.vm : org.apache.velocity.exception.ResourceNotFoundException: Unable to find resource 'VM_global_library.vm'
2015-09-29 13:23:44,389 - Velocimacro :  VM library template macro registration complete.
2015-09-29 13:23:44,389 - Velocimacro : allowInline = true : VMs can be defined inline in templates
2015-09-29 13:23:44,389 - Velocimacro : allowInlineToOverride = false : VMs defined inline may NOT replace previous VM definitions
2015-09-29 13:23:44,389 - Velocimacro : allowInlineLocal = false : VMs defined inline will be  global in scope if allowed.
2015-09-29 13:23:44,389 - Velocimacro : messages on  : VM system will output logging messages
2015-09-29 13:23:44,389 - Velocimacro : autoload off  : VM system will not automatically reload global library macros
2015-09-29 13:23:44,389 - Velocimacro : initialization complete.
2015-09-29 13:23:44,389 - Velocity successfully started.
2015-09-29 13:24:56,317 - SimpleLog4JLogSystem initialized using logfile 'velocity.log'
2015-09-29 13:24:56,317 - ************************************************************** 
2015-09-29 13:24:56,317 - Starting Jakarta Velocity v1.4
2015-09-29 13:24:56,317 - RuntimeInstance initializing.
2015-09-29 13:24:56,317 - Default Properties File: org\apache\velocity\runtime\defaults\velocity.properties
2015-09-29 13:24:56,317 - Trying to use logger class org.apache.velocity.runtime.log.SimpleLog4JLogSystem
2015-09-29 13:24:56,317 - Using logger class org.apache.velocity.runtime.log.SimpleLog4JLogSystem
2015-09-29 13:24:56,320 - Default ResourceManager initializing. (class org.apache.velocity.runtime.resource.ResourceManagerImpl)
2015-09-29 13:24:56,322 - Resource Loader Instantiated: org.apache.velocity.runtime.resource.loader.ClasspathResourceLoader
2015-09-29 13:24:56,322 - ClasspathResourceLoader : initialization starting.
2015-09-29 13:24:56,322 - ClasspathResourceLoader : initialization complete.
2015-09-29 13:24:56,324 - ResourceCache : initialized. (class org.apache.velocity.runtime.resource.ResourceCacheImpl)
2015-09-29 13:24:56,324 - Default ResourceManager initialization complete.
2015-09-29 13:24:56,325 - Loaded System Directive: org.apache.velocity.runtime.directive.Literal
2015-09-29 13:24:56,326 - Loaded System Directive: org.apache.velocity.runtime.directive.Macro
2015-09-29 13:24:56,328 - Loaded System Directive: org.apache.velocity.runtime.directive.Parse
2015-09-29 13:24:56,330 - Loaded System Directive: org.apache.velocity.runtime.directive.Include
2015-09-29 13:24:56,331 - Loaded System Directive: org.apache.velocity.runtime.directive.Foreach
2015-09-29 13:24:56,356 - Created: 20 parsers.
2015-09-29 13:24:56,363 - Velocimacro : initialization starting.
2015-09-29 13:24:56,363 - Velocimacro : adding VMs from VM library template : VM_global_library.vm
2015-09-29 13:24:56,369 - ResourceManager : unable to find resource 'VM_global_library.vm' in any resource loader.
2015-09-29 13:24:56,369 - Velocimacro : error using  VM library template VM_global_library.vm : org.apache.velocity.exception.ResourceNotFoundException: Unable to find resource 'VM_global_library.vm'
2015-09-29 13:24:56,369 - Velocimacro :  VM library template macro registration complete.
2015-09-29 13:24:56,369 - Velocimacro : allowInline = true : VMs can be defined inline in templates
2015-09-29 13:24:56,369 - Velocimacro : allowInlineToOverride = false : VMs defined inline may NOT replace previous VM definitions
2015-09-29 13:24:56,369 - Velocimacro : allowInlineLocal = false : VMs defined inline will be  global in scope if allowed.
2015-09-29 13:24:56,369 - Velocimacro : messages on  : VM system will output logging messages
2015-09-29 13:24:56,369 - Velocimacro : autoload off  : VM system will not automatically reload global library macros
2015-09-29 13:24:56,369 - Velocimacro : initialization complete.
2015-09-29 13:24:56,369 - Velocity successfully started.
2015-09-29 13:29:25,820 - SimpleLog4JLogSystem initialized using logfile 'velocity.log'
2015-09-29 13:29:25,820 - ************************************************************** 
2015-09-29 13:29:25,820 - Starting Jakarta Velocity v1.4
2015-09-29 13:29:25,820 - RuntimeInstance initializing.
2015-09-29 13:29:25,820 - Default Properties File: org\apache\velocity\runtime\defaults\velocity.properties
2015-09-29 13:29:25,821 - Trying to use logger class org.apache.velocity.runtime.log.SimpleLog4JLogSystem
2015-09-29 13:29:25,821 - Using logger class org.apache.velocity.runtime.log.SimpleLog4JLogSystem
2015-09-29 13:29:25,823 - Default ResourceManager initializing. (class org.apache.velocity.runtime.resource.ResourceManagerImpl)
2015-09-29 13:29:25,825 - Resource Loader Instantiated: org.apache.velocity.runtime.resource.loader.ClasspathResourceLoader
2015-09-29 13:29:25,826 - ClasspathResourceLoader : initialization starting.
2015-09-29 13:29:25,826 - ClasspathResourceLoader : initialization complete.
2015-09-29 13:29:25,827 - ResourceCache : initialized. (class org.apache.velocity.runtime.resource.ResourceCacheImpl)
2015-09-29 13:29:25,827 - Default ResourceManager initialization complete.
2015-09-29 13:29:25,828 - Loaded System Directive: org.apache.velocity.runtime.directive.Literal
2015-09-29 13:29:25,830 - Loaded System Directive: org.apache.velocity.runtime.directive.Macro
2015-09-29 13:29:25,832 - Loaded System Directive: org.apache.velocity.runtime.directive.Parse
2015-09-29 13:29:25,834 - Loaded System Directive: org.apache.velocity.runtime.directive.Include
2015-09-29 13:29:25,835 - Loaded System Directive: org.apache.velocity.runtime.directive.Foreach
2015-09-29 13:29:25,860 - Created: 20 parsers.
2015-09-29 13:29:25,868 - Velocimacro : initialization starting.
2015-09-29 13:29:25,868 - Velocimacro : adding VMs from VM library template : VM_global_library.vm
2015-09-29 13:29:25,873 - ResourceManager : unable to find resource 'VM_global_library.vm' in any resource loader.
2015-09-29 13:29:25,873 - Velocimacro : error using  VM library template VM_global_library.vm : org.apache.velocity.exception.ResourceNotFoundException: Unable to find resource 'VM_global_library.vm'
2015-09-29 13:29:25,873 - Velocimacro :  VM library template macro registration complete.
2015-09-29 13:29:25,873 - Velocimacro : allowInline = true : VMs can be defined inline in templates
2015-09-29 13:29:25,873 - Velocimacro : allowInlineToOverride = false : VMs defined inline may NOT replace previous VM definitions
2015-09-29 13:29:25,873 - Velocimacro : allowInlineLocal = false : VMs defined inline will be  global in scope if allowed.
2015-09-29 13:29:25,873 - Velocimacro : messages on  : VM system will output logging messages
2015-09-29 13:29:25,874 - Velocimacro : autoload off  : VM system will not automatically reload global library macros
2015-09-29 13:29:25,874 - Velocimacro : initialization complete.
2015-09-29 13:29:25,874 - Velocity successfully started.
2015-09-29 13:30:34,576 - SimpleLog4JLogSystem initialized using logfile 'velocity.log'
2015-09-29 13:30:34,576 - ************************************************************** 
2015-09-29 13:30:34,576 - Starting Jakarta Velocity v1.4
2015-09-29 13:30:34,576 - RuntimeInstance initializing.
2015-09-29 13:30:34,576 - Default Properties File: org\apache\velocity\runtime\defaults\velocity.properties
2015-09-29 13:30:34,576 - Trying to use logger class org.apache.velocity.runtime.log.SimpleLog4JLogSystem
2015-09-29 13:30:34,576 - Using logger class org.apache.velocity.runtime.log.SimpleLog4JLogSystem
2015-09-29 13:30:34,579 - Default ResourceManager initializing. (class org.apache.velocity.runtime.resource.ResourceManagerImpl)
2015-09-29 13:30:34,582 - Resource Loader Instantiated: org.apache.velocity.runtime.resource.loader.ClasspathResourceLoader
2015-09-29 13:30:34,582 - ClasspathResourceLoader : initialization starting.
2015-09-29 13:30:34,582 - ClasspathResourceLoader : initialization complete.
2015-09-29 13:30:34,584 - ResourceCache : initialized. (class org.apache.velocity.runtime.resource.ResourceCacheImpl)
2015-09-29 13:30:34,584 - Default ResourceManager initialization complete.
2015-09-29 13:30:34,585 - Loaded System Directive: org.apache.velocity.runtime.directive.Literal
2015-09-29 13:30:34,587 - Loaded System Directive: org.apache.velocity.runtime.directive.Macro
2015-09-29 13:30:34,589 - Loaded System Directive: org.apache.velocity.runtime.directive.Parse
2015-09-29 13:30:34,591 - Loaded System Directive: org.apache.velocity.runtime.directive.Include
2015-09-29 13:30:34,592 - Loaded System Directive: org.apache.velocity.runtime.directive.Foreach
2015-09-29 13:30:34,621 - Created: 20 parsers.
2015-09-29 13:30:34,628 - Velocimacro : initialization starting.
2015-09-29 13:30:34,628 - Velocimacro : adding VMs from VM library template : VM_global_library.vm
2015-09-29 13:30:34,633 - ResourceManager : unable to find resource 'VM_global_library.vm' in any resource loader.
2015-09-29 13:30:34,634 - Velocimacro : error using  VM library template VM_global_library.vm : org.apache.velocity.exception.ResourceNotFoundException: Unable to find resource 'VM_global_library.vm'
2015-09-29 13:30:34,634 - Velocimacro :  VM library template macro registration complete.
2015-09-29 13:30:34,634 - Velocimacro : allowInline = true : VMs can be defined inline in templates
2015-09-29 13:30:34,634 - Velocimacro : allowInlineToOverride = false : VMs defined inline may NOT replace previous VM definitions
2015-09-29 13:30:34,634 - Velocimacro : allowInlineLocal = false : VMs defined inline will be  global in scope if allowed.
2015-09-29 13:30:34,634 - Velocimacro : messages on  : VM system will output logging messages
2015-09-29 13:30:34,634 - Velocimacro : autoload off  : VM system will not automatically reload global library macros
2015-09-29 13:30:34,634 - Velocimacro : initialization complete.
2015-09-29 13:30:34,634 - Velocity successfully started.
2015-09-29 13:31:58,200 - ResourceManager : found repast/simphony/scenario/Scenario.vt with loader org.apache.velocity.runtime.resource.loader.ClasspathResourceLoader
2015-09-29 13:34:20,524 - SimpleLog4JLogSystem initialized using logfile 'velocity.log'
2015-09-29 13:34:20,524 - ************************************************************** 
2015-09-29 13:34:20,524 - Starting Jakarta Velocity v1.4
2015-09-29 13:34:20,524 - RuntimeInstance initializing.
2015-09-29 13:34:20,524 - Default Properties File: org\apache\velocity\runtime\defaults\velocity.properties
2015-09-29 13:34:20,524 - Trying to use logger class org.apache.velocity.runtime.log.SimpleLog4JLogSystem
2015-09-29 13:34:20,524 - Using logger class org.apache.velocity.runtime.log.SimpleLog4JLogSystem
2015-09-29 13:34:20,527 - Default ResourceManager initializing. (class org.apache.velocity.runtime.resource.ResourceManagerImpl)
2015-09-29 13:34:20,529 - Resource Loader Instantiated: org.apache.velocity.runtime.resource.loader.ClasspathResourceLoader
2015-09-29 13:34:20,529 - ClasspathResourceLoader : initialization starting.
2015-09-29 13:34:20,529 - ClasspathResourceLoader : initialization complete.
2015-09-29 13:34:20,530 - ResourceCache : initialized. (class org.apache.velocity.runtime.resource.ResourceCacheImpl)
2015-09-29 13:34:20,530 - Default ResourceManager initialization complete.
2015-09-29 13:34:20,532 - Loaded System Directive: org.apache.velocity.runtime.directive.Literal
2015-09-29 13:34:20,533 - Loaded System Directive: org.apache.velocity.runtime.directive.Macro
2015-09-29 13:34:20,535 - Loaded System Directive: org.apache.velocity.runtime.directive.Parse
2015-09-29 13:34:20,537 - Loaded System Directive: org.apache.velocity.runtime.directive.Include
2015-09-29 13:34:20,538 - Loaded System Directive: org.apache.velocity.runtime.directive.Foreach
2015-09-29 13:34:20,563 - Created: 20 parsers.
2015-09-29 13:34:20,570 - Velocimacro : initialization starting.
2015-09-29 13:34:20,570 - Velocimacro : adding VMs from VM library template : VM_global_library.vm
2015-09-29 13:34:20,575 - ResourceManager : unable to find resource 'VM_global_library.vm' in any resource loader.
2015-09-29 13:34:20,575 - Velocimacro : error using  VM library template VM_global_library.vm : org.apache.velocity.exception.ResourceNotFoundException: Unable to find resource 'VM_global_library.vm'
2015-09-29 13:34:20,575 - Velocimacro :  VM library template macro registration complete.
2015-09-29 13:34:20,575 - Velocimacro : allowInline = true : VMs can be defined inline in templates
2015-09-29 13:34:20,575 - Velocimacro : allowInlineToOverride = false : VMs defined inline may NOT replace previous VM definitions
2015-09-29 13:34:20,575 - Velocimacro : allowInlineLocal = false : VMs defined inline will be  global in scope if allowed.
2015-09-29 13:34:20,575 - Velocimacro : messages on  : VM system will output logging messages
2015-09-29 13:34:20,575 - Velocimacro : autoload off  : VM system will not automatically reload global library macros
2015-09-29 13:34:20,575 - Velocimacro : initialization complete.
2015-09-29 13:34:20,575 - Velocity successfully started.
2015-09-29 13:37:08,977 - SimpleLog4JLogSystem initialized using logfile 'velocity.log'
2015-09-29 13:37:08,977 - ************************************************************** 
2015-09-29 13:37:08,977 - Starting Jakarta Velocity v1.4
2015-09-29 13:37:08,977 - RuntimeInstance initializing.
2015-09-29 13:37:08,977 - Default Properties File: org\apache\velocity\runtime\defaults\velocity.properties
2015-09-29 13:37:08,977 - Trying to use logger class org.apache.velocity.runtime.log.SimpleLog4JLogSystem
2015-09-29 13:37:08,977 - Using logger class org.apache.velocity.runtime.log.SimpleLog4JLogSystem
2015-09-29 13:37:08,980 - Default ResourceManager initializing. (class org.apache.velocity.runtime.resource.ResourceManagerImpl)
2015-09-29 13:37:08,982 - Resource Loader Instantiated: org.apache.velocity.runtime.resource.loader.ClasspathResourceLoader
2015-09-29 13:37:08,982 - ClasspathResourceLoader : initialization starting.
2015-09-29 13:37:08,982 - ClasspathResourceLoader : initialization complete.
2015-09-29 13:37:08,984 - ResourceCache : initialized. (class org.apache.velocity.runtime.resource.ResourceCacheImpl)
2015-09-29 13:37:08,984 - Default ResourceManager initialization complete.
2015-09-29 13:37:08,985 - Loaded System Directive: org.apache.velocity.runtime.directive.Literal
2015-09-29 13:37:08,986 - Loaded System Directive: org.apache.velocity.runtime.directive.Macro
2015-09-29 13:37:08,989 - Loaded System Directive: org.apache.velocity.runtime.directive.Parse
2015-09-29 13:37:08,992 - Loaded System Directive: org.apache.velocity.runtime.directive.Include
2015-09-29 13:37:08,993 - Loaded System Directive: org.apache.velocity.runtime.directive.Foreach
2015-09-29 13:37:09,018 - Created: 20 parsers.
2015-09-29 13:37:09,024 - Velocimacro : initialization starting.
2015-09-29 13:37:09,024 - Velocimacro : adding VMs from VM library template : VM_global_library.vm
2015-09-29 13:37:09,030 - ResourceManager : unable to find resource 'VM_global_library.vm' in any resource loader.
2015-09-29 13:37:09,030 - Velocimacro : error using  VM library template VM_global_library.vm : org.apache.velocity.exception.ResourceNotFoundException: Unable to find resource 'VM_global_library.vm'
2015-09-29 13:37:09,030 - Velocimacro :  VM library template macro registration complete.
2015-09-29 13:37:09,030 - Velocimacro : allowInline = true : VMs can be defined inline in templates
2015-09-29 13:37:09,030 - Velocimacro : allowInlineToOverride = false : VMs defined inline may NOT replace previous VM definitions
2015-09-29 13:37:09,030 - Velocimacro : allowInlineLocal = false : VMs defined inline will be  global in scope if allowed.
2015-09-29 13:37:09,030 - Velocimacro : messages on  : VM system will output logging messages
2015-09-29 13:37:09,030 - Velocimacro : autoload off  : VM system will not automatically reload global library macros
2015-09-29 13:37:09,030 - Velocimacro : initialization complete.
2015-09-29 13:37:09,030 - Velocity successfully started.
